
First timestamp: 1576118488.130908
First time: 2019-12-11 23:41:28.130908

Loading ppg-dataset_husm/dataset dataset

Getting record balke from dpoc volunteer number 0680298
Getting record recovery from dpoc volunteer number 0680298
Getting record rest from dpoc volunteer number 0680298
Getting record balke from dpoc volunteer number 0840595
Getting record recovery from dpoc volunteer number 0840595
Getting record rest from dpoc volunteer number 0840595
Getting record balke from dpoc volunteer number 1806256
Getting record recovery from dpoc volunteer number 1806256
Getting record rest from dpoc volunteer number 1806256
Getting record balke from dpoc volunteer number 2627180
Getting record recovery from dpoc volunteer number 2627180
Getting record rest from dpoc volunteer number 2627180
Getting record balke from dpoc volunteer number 2703908
Getting record recovery from dpoc volunteer number 2703908
Getting record rest from dpoc volunteer number 2703908
Getting record balke from dpoc volunteer number 2841328
Getting record recovery from dpoc volunteer number 2841328
Getting record rest from dpoc volunteer number 2841328
Getting record balke from dpoc volunteer number 2888246
Getting record recovery from dpoc volunteer number 2888246
Getting record rest from dpoc volunteer number 2888246
Getting record balke from dpoc volunteer number 3450871
Getting record recovery from dpoc volunteer number 3450871
Getting record rest from dpoc volunteer number 3450871
Getting record balke from dpoc volunteer number 3715687
Getting record recovery from dpoc volunteer number 3715687
Getting record rest from dpoc volunteer number 3715687
Getting record balke from dpoc volunteer number 3740537
Getting record recovery from dpoc volunteer number 3740537
Getting record rest from dpoc volunteer number 3740537
Getting record balke from dpoc volunteer number 3809662
Getting record recovery from dpoc volunteer number 3809662
Getting record rest from dpoc volunteer number 3809662
Getting record balke from health volunteer number 0000001
Getting record recovery from health volunteer number 0000001
Getting record rest from health volunteer number 0000001
Getting record balke from health volunteer number 0000002
Getting record recovery from health volunteer number 0000002
Getting record rest from health volunteer number 0000002
Getting record balke from health volunteer number 0000003
Getting record recovery from health volunteer number 0000003
Getting record rest from health volunteer number 0000003
Getting record balke from health volunteer number 0000004
Getting record recovery from health volunteer number 0000004
Getting record rest from health volunteer number 0000004
Getting record balke from health volunteer number 0000005
Getting record recovery from health volunteer number 0000005
Getting record rest from health volunteer number 0000005
Getting record balke from health volunteer number 0000006
Getting record recovery from health volunteer number 0000006
Getting record rest from health volunteer number 0000006
Getting record balke from health volunteer number 0000007
Getting record recovery from health volunteer number 0000007
Getting record rest from health volunteer number 0000007
Getting record balke from health volunteer number 0000008
Getting record recovery from health volunteer number 0000008
Getting record rest from health volunteer number 0000008
Getting record balke from health volunteer number 0000009
Getting record recovery from health volunteer number 0000009
Getting record rest from health volunteer number 0000009
Getting record balke from health volunteer number 0000010
Getting record recovery from health volunteer number 0000010
Getting record rest from health volunteer number 0000010
Getting record balke from health volunteer number 0000011
Getting record recovery from health volunteer number 0000011
Getting record rest from health volunteer number 0000011

records[0:40]

C = 0

num_iterations = 300
[[0.95676002 0.97128534 0.04605039]
 [0.97327052 0.97366466 0.07369206]
 [0.9458142  0.95828252 0.00991604]
 [0.95214311 0.95533287 0.18095079]
 [0.97167469 0.97860527 0.21931629]
 [0.94579849 0.96506891 0.24829467]
 [0.94448835 0.95530058 0.08984933]
 [0.96503898 0.96587279 0.06957621]
 [0.96839749 0.98808513 0.33591234]
 [0.95762431 0.97940274 0.16466065]]
Initial score: 0.8932111933743255, Matrix [TP,TN,FP,FN](3935, 3183, 800, 51)

[Search iteration 0]
(Current best weights) [0.72886025 0.07951531 0.07304735 0.03216231 0.76248107 0.99925961
 0.6354772  0.52189403 0.72233941 0.85548728]
(Current best threshold) 0.07959694902085103
Score: 0.9100263521144435, Matrix [TP,TN,FP,FN](3969, 3283, 700, 17)

[Search iteration 1]
(Current best weights) [0.72886025 0.07951531 0.07304735 0.03216231 0.76248107 0.99925961
 0.6354772  0.52189403 0.72233941 0.85548728]
(Current best threshold) 0.07959694902085103
Score: 0.9100263521144435, Matrix [TP,TN,FP,FN](3969, 3283, 700, 17)

[Search iteration 2]
(Current best weights) [0.72886025 0.07951531 0.07304735 0.03216231 0.76248107 0.99925961
 0.6354772  0.52189403 0.72233941 0.85548728]
(Current best threshold) 0.07959694902085103
Score: 0.9100263521144435, Matrix [TP,TN,FP,FN](3969, 3283, 700, 17)

[Search iteration 3]
(Current best weights) [0.72886025 0.07951531 0.07304735 0.03216231 0.76248107 0.99925961
 0.6354772  0.52189403 0.72233941 0.85548728]
(Current best threshold) 0.07959694902085103
Score: 0.9100263521144435, Matrix [TP,TN,FP,FN](3969, 3283, 700, 17)

[Search iteration 4]
(Current best weights) [0.72886025 0.07951531 0.07304735 0.03216231 0.76248107 0.99925961
 0.6354772  0.52189403 0.72233941 0.85548728]
(Current best threshold) 0.07959694902085103
Score: 0.9100263521144435, Matrix [TP,TN,FP,FN](3969, 3283, 700, 17)

[Search iteration 5]
(Current best weights) [0.72886025 0.07951531 0.07304735 0.03216231 0.76248107 0.99925961
 0.6354772  0.52189403 0.72233941 0.85548728]
(Current best threshold) 0.07959694902085103
Score: 0.9100263521144435, Matrix [TP,TN,FP,FN](3969, 3283, 700, 17)

[Search iteration 6]
(Current best weights) [0.72886025 0.07951531 0.07304735 0.03216231 0.76248107 0.99925961
 0.6354772  0.52189403 0.72233941 0.85548728]
(Current best threshold) 0.07959694902085103
Score: 0.9100263521144435, Matrix [TP,TN,FP,FN](3969, 3283, 700, 17)

[Search iteration 7]
(Current best weights) [0.72886025 0.07951531 0.07304735 0.03216231 0.76248107 0.99925961
 0.6354772  0.52189403 0.72233941 0.85548728]
(Current best threshold) 0.07959694902085103
Score: 0.9100263521144435, Matrix [TP,TN,FP,FN](3969, 3283, 700, 17)

[Search iteration 8]
(Current best weights) [0.72886025 0.07951531 0.07304735 0.03216231 0.76248107 0.99925961
 0.6354772  0.52189403 0.72233941 0.85548728]
(Current best threshold) 0.07959694902085103
Score: 0.9100263521144435, Matrix [TP,TN,FP,FN](3969, 3283, 700, 17)

[Search iteration 9]
(Current best weights) [0.72886025 0.07951531 0.07304735 0.03216231 0.76248107 0.99925961
 0.6354772  0.52189403 0.72233941 0.85548728]
(Current best threshold) 0.07959694902085103
Score: 0.9100263521144435, Matrix [TP,TN,FP,FN](3969, 3283, 700, 17)

[Search iteration 10]
(Current best weights) [0.72886025 0.07951531 0.07304735 0.03216231 0.76248107 0.99925961
 0.6354772  0.52189403 0.72233941 0.85548728]
(Current best threshold) 0.07959694902085103
Score: 0.9100263521144435, Matrix [TP,TN,FP,FN](3969, 3283, 700, 17)

[Search iteration 11]
(Current best weights) [0.72886025 0.07951531 0.07304735 0.03216231 0.76248107 0.99925961
 0.6354772  0.52189403 0.72233941 0.85548728]
(Current best threshold) 0.07959694902085103
Score: 0.9100263521144435, Matrix [TP,TN,FP,FN](3969, 3283, 700, 17)

[Search iteration 12]
(Current best weights) [0.72886025 0.07951531 0.07304735 0.03216231 0.76248107 0.99925961
 0.6354772  0.52189403 0.72233941 0.85548728]
(Current best threshold) 0.07959694902085103
Score: 0.9100263521144435, Matrix [TP,TN,FP,FN](3969, 3283, 700, 17)

[Search iteration 13]
(Current best weights) [0.72886025 0.07951531 0.07304735 0.03216231 0.76248107 0.99925961
 0.6354772  0.52189403 0.72233941 0.85548728]
(Current best threshold) 0.07959694902085103
Score: 0.9100263521144435, Matrix [TP,TN,FP,FN](3969, 3283, 700, 17)

[Search iteration 14]
(Current best weights) [0.72886025 0.07951531 0.07304735 0.03216231 0.76248107 0.99925961
 0.6354772  0.52189403 0.72233941 0.85548728]
(Current best threshold) 0.07959694902085103
Score: 0.9100263521144435, Matrix [TP,TN,FP,FN](3969, 3283, 700, 17)

[Search iteration 15]
(Current best weights) [0.72886025 0.07951531 0.07304735 0.03216231 0.76248107 0.99925961
 0.6354772  0.52189403 0.72233941 0.85548728]
(Current best threshold) 0.07959694902085103
Score: 0.9100263521144435, Matrix [TP,TN,FP,FN](3969, 3283, 700, 17)

[Search iteration 16]
(Current best weights) [0.72886025 0.07951531 0.07304735 0.03216231 0.76248107 0.99925961
 0.6354772  0.52189403 0.72233941 0.85548728]
(Current best threshold) 0.07959694902085103
Score: 0.9100263521144435, Matrix [TP,TN,FP,FN](3969, 3283, 700, 17)

[Search iteration 17]
(Current best weights) [0.72886025 0.07951531 0.07304735 0.03216231 0.76248107 0.99925961
 0.6354772  0.52189403 0.72233941 0.85548728]
(Current best threshold) 0.07959694902085103
Score: 0.9100263521144435, Matrix [TP,TN,FP,FN](3969, 3283, 700, 17)

[Search iteration 18]
(Current best weights) [0.72886025 0.07951531 0.07304735 0.03216231 0.76248107 0.99925961
 0.6354772  0.52189403 0.72233941 0.85548728]
(Current best threshold) 0.07959694902085103
Score: 0.9100263521144435, Matrix [TP,TN,FP,FN](3969, 3283, 700, 17)

[Search iteration 19]
(Current best weights) [0.72886025 0.07951531 0.07304735 0.03216231 0.76248107 0.99925961
 0.6354772  0.52189403 0.72233941 0.85548728]
(Current best threshold) 0.07959694902085103
Score: 0.9100263521144435, Matrix [TP,TN,FP,FN](3969, 3283, 700, 17)

[Search iteration 20]
(Current best weights) [0.72886025 0.07951531 0.07304735 0.03216231 0.76248107 0.99925961
 0.6354772  0.52189403 0.72233941 0.85548728]
(Current best threshold) 0.07959694902085103
Score: 0.9100263521144435, Matrix [TP,TN,FP,FN](3969, 3283, 700, 17)

[Search iteration 21]
(Current best weights) [0.72886025 0.07951531 0.07304735 0.03216231 0.76248107 0.99925961
 0.6354772  0.52189403 0.72233941 0.85548728]
(Current best threshold) 0.07959694902085103
Score: 0.9100263521144435, Matrix [TP,TN,FP,FN](3969, 3283, 700, 17)

[Search iteration 22]
(Current best weights) [0.72886025 0.07951531 0.07304735 0.03216231 0.76248107 0.99925961
 0.6354772  0.52189403 0.72233941 0.85548728]
(Current best threshold) 0.07959694902085103
Score: 0.9100263521144435, Matrix [TP,TN,FP,FN](3969, 3283, 700, 17)

[Search iteration 23]
(Current best weights) [0.72886025 0.07951531 0.07304735 0.03216231 0.76248107 0.99925961
 0.6354772  0.52189403 0.72233941 0.85548728]
(Current best threshold) 0.07959694902085103
Score: 0.9100263521144435, Matrix [TP,TN,FP,FN](3969, 3283, 700, 17)

[Search iteration 24]
(Current best weights) [0.72886025 0.07951531 0.07304735 0.03216231 0.76248107 0.99925961
 0.6354772  0.52189403 0.72233941 0.85548728]
(Current best threshold) 0.07959694902085103
Score: 0.9100263521144435, Matrix [TP,TN,FP,FN](3969, 3283, 700, 17)

[Search iteration 25]
(Current best weights) [0.72886025 0.07951531 0.07304735 0.03216231 0.76248107 0.99925961
 0.6354772  0.52189403 0.72233941 0.85548728]
(Current best threshold) 0.07959694902085103
Score: 0.9100263521144435, Matrix [TP,TN,FP,FN](3969, 3283, 700, 17)

[Search iteration 26]
(Current best weights) [0.72886025 0.07951531 0.07304735 0.03216231 0.76248107 0.99925961
 0.6354772  0.52189403 0.72233941 0.85548728]
(Current best threshold) 0.07959694902085103
Score: 0.9100263521144435, Matrix [TP,TN,FP,FN](3969, 3283, 700, 17)

[Search iteration 27]
(Current best weights) [0.72886025 0.07951531 0.07304735 0.03216231 0.76248107 0.99925961
 0.6354772  0.52189403 0.72233941 0.85548728]
(Current best threshold) 0.07959694902085103
Score: 0.9100263521144435, Matrix [TP,TN,FP,FN](3969, 3283, 700, 17)

[Search iteration 28]
(Current best weights) [0.72886025 0.07951531 0.07304735 0.03216231 0.76248107 0.99925961
 0.6354772  0.52189403 0.72233941 0.85548728]
(Current best threshold) 0.07959694902085103
Score: 0.9100263521144435, Matrix [TP,TN,FP,FN](3969, 3283, 700, 17)

[Search iteration 29]
(Current best weights) [0.72886025 0.07951531 0.07304735 0.03216231 0.76248107 0.99925961
 0.6354772  0.52189403 0.72233941 0.85548728]
(Current best threshold) 0.07959694902085103
Score: 0.9100263521144435, Matrix [TP,TN,FP,FN](3969, 3283, 700, 17)

[Search iteration 30]
(Current best weights) [0.72886025 0.07951531 0.07304735 0.03216231 0.76248107 0.99925961
 0.6354772  0.52189403 0.72233941 0.85548728]
(Current best threshold) 0.07959694902085103
Score: 0.9100263521144435, Matrix [TP,TN,FP,FN](3969, 3283, 700, 17)

[Search iteration 31]
(Current best weights) [0.72886025 0.07951531 0.07304735 0.03216231 0.76248107 0.99925961
 0.6354772  0.52189403 0.72233941 0.85548728]
(Current best threshold) 0.07959694902085103
Score: 0.9100263521144435, Matrix [TP,TN,FP,FN](3969, 3283, 700, 17)

[Search iteration 32]
(Current best weights) [0.34856797 0.58010085 0.08634113 0.46427201 0.61590904 0.59721608
 0.24931335 0.17809618 0.53541644 0.01445611]
(Current best threshold) 0.09549852050681401
Score: 0.9101518383736981, Matrix [TP,TN,FP,FN](3969, 3284, 699, 17)

[Search iteration 33]
(Current best weights) [0.34856797 0.58010085 0.08634113 0.46427201 0.61590904 0.59721608
 0.24931335 0.17809618 0.53541644 0.01445611]
(Current best threshold) 0.09549852050681401
Score: 0.9101518383736981, Matrix [TP,TN,FP,FN](3969, 3284, 699, 17)

[Search iteration 34]
(Current best weights) [0.34856797 0.58010085 0.08634113 0.46427201 0.61590904 0.59721608
 0.24931335 0.17809618 0.53541644 0.01445611]
(Current best threshold) 0.09549852050681401
Score: 0.9101518383736981, Matrix [TP,TN,FP,FN](3969, 3284, 699, 17)

[Search iteration 35]
(Current best weights) [0.34856797 0.58010085 0.08634113 0.46427201 0.61590904 0.59721608
 0.24931335 0.17809618 0.53541644 0.01445611]
(Current best threshold) 0.09549852050681401
Score: 0.9101518383736981, Matrix [TP,TN,FP,FN](3969, 3284, 699, 17)

[Search iteration 36]
(Current best weights) [0.34856797 0.58010085 0.08634113 0.46427201 0.61590904 0.59721608
 0.24931335 0.17809618 0.53541644 0.01445611]
(Current best threshold) 0.09549852050681401
Score: 0.9101518383736981, Matrix [TP,TN,FP,FN](3969, 3284, 699, 17)

[Search iteration 37]
(Current best weights) [0.34856797 0.58010085 0.08634113 0.46427201 0.61590904 0.59721608
 0.24931335 0.17809618 0.53541644 0.01445611]
(Current best threshold) 0.09549852050681401
Score: 0.9101518383736981, Matrix [TP,TN,FP,FN](3969, 3284, 699, 17)

[Search iteration 38]
(Current best weights) [0.34856797 0.58010085 0.08634113 0.46427201 0.61590904 0.59721608
 0.24931335 0.17809618 0.53541644 0.01445611]
(Current best threshold) 0.09549852050681401
Score: 0.9101518383736981, Matrix [TP,TN,FP,FN](3969, 3284, 699, 17)

[Search iteration 39]
(Current best weights) [0.34856797 0.58010085 0.08634113 0.46427201 0.61590904 0.59721608
 0.24931335 0.17809618 0.53541644 0.01445611]
(Current best threshold) 0.09549852050681401
Score: 0.9101518383736981, Matrix [TP,TN,FP,FN](3969, 3284, 699, 17)

[Search iteration 40]
(Current best weights) [0.34856797 0.58010085 0.08634113 0.46427201 0.61590904 0.59721608
 0.24931335 0.17809618 0.53541644 0.01445611]
(Current best threshold) 0.09549852050681401
Score: 0.9101518383736981, Matrix [TP,TN,FP,FN](3969, 3284, 699, 17)

[Search iteration 41]
(Current best weights) [0.34856797 0.58010085 0.08634113 0.46427201 0.61590904 0.59721608
 0.24931335 0.17809618 0.53541644 0.01445611]
(Current best threshold) 0.09549852050681401
Score: 0.9101518383736981, Matrix [TP,TN,FP,FN](3969, 3284, 699, 17)

[Search iteration 42]
(Current best weights) [0.34856797 0.58010085 0.08634113 0.46427201 0.61590904 0.59721608
 0.24931335 0.17809618 0.53541644 0.01445611]
(Current best threshold) 0.09549852050681401
Score: 0.9101518383736981, Matrix [TP,TN,FP,FN](3969, 3284, 699, 17)

[Search iteration 43]
(Current best weights) [0.34856797 0.58010085 0.08634113 0.46427201 0.61590904 0.59721608
 0.24931335 0.17809618 0.53541644 0.01445611]
(Current best threshold) 0.09549852050681401
Score: 0.9101518383736981, Matrix [TP,TN,FP,FN](3969, 3284, 699, 17)

[Search iteration 44]
(Current best weights) [0.34856797 0.58010085 0.08634113 0.46427201 0.61590904 0.59721608
 0.24931335 0.17809618 0.53541644 0.01445611]
(Current best threshold) 0.09549852050681401
Score: 0.9101518383736981, Matrix [TP,TN,FP,FN](3969, 3284, 699, 17)

[Search iteration 45]
(Current best weights) [0.34856797 0.58010085 0.08634113 0.46427201 0.61590904 0.59721608
 0.24931335 0.17809618 0.53541644 0.01445611]
(Current best threshold) 0.09549852050681401
Score: 0.9101518383736981, Matrix [TP,TN,FP,FN](3969, 3284, 699, 17)

[Search iteration 46]
(Current best weights) [0.34856797 0.58010085 0.08634113 0.46427201 0.61590904 0.59721608
 0.24931335 0.17809618 0.53541644 0.01445611]
(Current best threshold) 0.09549852050681401
Score: 0.9101518383736981, Matrix [TP,TN,FP,FN](3969, 3284, 699, 17)

[Search iteration 47]
(Current best weights) [0.34856797 0.58010085 0.08634113 0.46427201 0.61590904 0.59721608
 0.24931335 0.17809618 0.53541644 0.01445611]
(Current best threshold) 0.09549852050681401
Score: 0.9101518383736981, Matrix [TP,TN,FP,FN](3969, 3284, 699, 17)

[Search iteration 48]
(Current best weights) [0.34856797 0.58010085 0.08634113 0.46427201 0.61590904 0.59721608
 0.24931335 0.17809618 0.53541644 0.01445611]
(Current best threshold) 0.09549852050681401
Score: 0.9101518383736981, Matrix [TP,TN,FP,FN](3969, 3284, 699, 17)

[Search iteration 49]
(Current best weights) [0.34856797 0.58010085 0.08634113 0.46427201 0.61590904 0.59721608
 0.24931335 0.17809618 0.53541644 0.01445611]
(Current best threshold) 0.09549852050681401
Score: 0.9101518383736981, Matrix [TP,TN,FP,FN](3969, 3284, 699, 17)

[Search iteration 50]
(Current best weights) [0.34856797 0.58010085 0.08634113 0.46427201 0.61590904 0.59721608
 0.24931335 0.17809618 0.53541644 0.01445611]
(Current best threshold) 0.09549852050681401
Score: 0.9101518383736981, Matrix [TP,TN,FP,FN](3969, 3284, 699, 17)

[Search iteration 51]
(Current best weights) [0.34856797 0.58010085 0.08634113 0.46427201 0.61590904 0.59721608
 0.24931335 0.17809618 0.53541644 0.01445611]
(Current best threshold) 0.09549852050681401
Score: 0.9101518383736981, Matrix [TP,TN,FP,FN](3969, 3284, 699, 17)

[Search iteration 52]
(Current best weights) [0.34856797 0.58010085 0.08634113 0.46427201 0.61590904 0.59721608
 0.24931335 0.17809618 0.53541644 0.01445611]
(Current best threshold) 0.09549852050681401
Score: 0.9101518383736981, Matrix [TP,TN,FP,FN](3969, 3284, 699, 17)

[Search iteration 53]
(Current best weights) [0.34856797 0.58010085 0.08634113 0.46427201 0.61590904 0.59721608
 0.24931335 0.17809618 0.53541644 0.01445611]
(Current best threshold) 0.09549852050681401
Score: 0.9101518383736981, Matrix [TP,TN,FP,FN](3969, 3284, 699, 17)

[Search iteration 54]
(Current best weights) [0.34856797 0.58010085 0.08634113 0.46427201 0.61590904 0.59721608
 0.24931335 0.17809618 0.53541644 0.01445611]
(Current best threshold) 0.09549852050681401
Score: 0.9101518383736981, Matrix [TP,TN,FP,FN](3969, 3284, 699, 17)

[Search iteration 55]
(Current best weights) [0.34856797 0.58010085 0.08634113 0.46427201 0.61590904 0.59721608
 0.24931335 0.17809618 0.53541644 0.01445611]
(Current best threshold) 0.09549852050681401
Score: 0.9101518383736981, Matrix [TP,TN,FP,FN](3969, 3284, 699, 17)

[Search iteration 56]
(Current best weights) [0.34856797 0.58010085 0.08634113 0.46427201 0.61590904 0.59721608
 0.24931335 0.17809618 0.53541644 0.01445611]
(Current best threshold) 0.09549852050681401
Score: 0.9101518383736981, Matrix [TP,TN,FP,FN](3969, 3284, 699, 17)

[Search iteration 57]
(Current best weights) [0.34856797 0.58010085 0.08634113 0.46427201 0.61590904 0.59721608
 0.24931335 0.17809618 0.53541644 0.01445611]
(Current best threshold) 0.09549852050681401
Score: 0.9101518383736981, Matrix [TP,TN,FP,FN](3969, 3284, 699, 17)

[Search iteration 58]
(Current best weights) [0.34856797 0.58010085 0.08634113 0.46427201 0.61590904 0.59721608
 0.24931335 0.17809618 0.53541644 0.01445611]
(Current best threshold) 0.09549852050681401
Score: 0.9101518383736981, Matrix [TP,TN,FP,FN](3969, 3284, 699, 17)

[Search iteration 59]
(Current best weights) [0.34856797 0.58010085 0.08634113 0.46427201 0.61590904 0.59721608
 0.24931335 0.17809618 0.53541644 0.01445611]
(Current best threshold) 0.09549852050681401
Score: 0.9101518383736981, Matrix [TP,TN,FP,FN](3969, 3284, 699, 17)

[Search iteration 60]
(Current best weights) [0.34856797 0.58010085 0.08634113 0.46427201 0.61590904 0.59721608
 0.24931335 0.17809618 0.53541644 0.01445611]
(Current best threshold) 0.09549852050681401
Score: 0.9101518383736981, Matrix [TP,TN,FP,FN](3969, 3284, 699, 17)

[Search iteration 61]
(Current best weights) [0.34856797 0.58010085 0.08634113 0.46427201 0.61590904 0.59721608
 0.24931335 0.17809618 0.53541644 0.01445611]
(Current best threshold) 0.09549852050681401
Score: 0.9101518383736981, Matrix [TP,TN,FP,FN](3969, 3284, 699, 17)

[Search iteration 62]
(Current best weights) [0.34856797 0.58010085 0.08634113 0.46427201 0.61590904 0.59721608
 0.24931335 0.17809618 0.53541644 0.01445611]
(Current best threshold) 0.09549852050681401
Score: 0.9101518383736981, Matrix [TP,TN,FP,FN](3969, 3284, 699, 17)

[Search iteration 63]
(Current best weights) [0.34856797 0.58010085 0.08634113 0.46427201 0.61590904 0.59721608
 0.24931335 0.17809618 0.53541644 0.01445611]
(Current best threshold) 0.09549852050681401
Score: 0.9101518383736981, Matrix [TP,TN,FP,FN](3969, 3284, 699, 17)

[Search iteration 64]
(Current best weights) [0.34856797 0.58010085 0.08634113 0.46427201 0.61590904 0.59721608
 0.24931335 0.17809618 0.53541644 0.01445611]
(Current best threshold) 0.09549852050681401
Score: 0.9101518383736981, Matrix [TP,TN,FP,FN](3969, 3284, 699, 17)

[Search iteration 65]
(Current best weights) [0.34856797 0.58010085 0.08634113 0.46427201 0.61590904 0.59721608
 0.24931335 0.17809618 0.53541644 0.01445611]
(Current best threshold) 0.09549852050681401
Score: 0.9101518383736981, Matrix [TP,TN,FP,FN](3969, 3284, 699, 17)

[Search iteration 66]
(Current best weights) [0.34856797 0.58010085 0.08634113 0.46427201 0.61590904 0.59721608
 0.24931335 0.17809618 0.53541644 0.01445611]
(Current best threshold) 0.09549852050681401
Score: 0.9101518383736981, Matrix [TP,TN,FP,FN](3969, 3284, 699, 17)

[Search iteration 67]
(Current best weights) [0.34856797 0.58010085 0.08634113 0.46427201 0.61590904 0.59721608
 0.24931335 0.17809618 0.53541644 0.01445611]
(Current best threshold) 0.09549852050681401
Score: 0.9101518383736981, Matrix [TP,TN,FP,FN](3969, 3284, 699, 17)

[Search iteration 68]
(Current best weights) [0.34856797 0.58010085 0.08634113 0.46427201 0.61590904 0.59721608
 0.24931335 0.17809618 0.53541644 0.01445611]
(Current best threshold) 0.09549852050681401
Score: 0.9101518383736981, Matrix [TP,TN,FP,FN](3969, 3284, 699, 17)

[Search iteration 69]
(Current best weights) [0.34856797 0.58010085 0.08634113 0.46427201 0.61590904 0.59721608
 0.24931335 0.17809618 0.53541644 0.01445611]
(Current best threshold) 0.09549852050681401
Score: 0.9101518383736981, Matrix [TP,TN,FP,FN](3969, 3284, 699, 17)

[Search iteration 70]
(Current best weights) [0.34856797 0.58010085 0.08634113 0.46427201 0.61590904 0.59721608
 0.24931335 0.17809618 0.53541644 0.01445611]
(Current best threshold) 0.09549852050681401
Score: 0.9101518383736981, Matrix [TP,TN,FP,FN](3969, 3284, 699, 17)

[Search iteration 71]
(Current best weights) [0.73423065 0.92394533 0.15792314 0.02067502 0.88564791 0.92402408
 0.50881937 0.45187109 0.24599646 0.2917805 ]
(Current best threshold) 0.09797662859488582
Score: 0.9104028108922073, Matrix [TP,TN,FP,FN](3969, 3286, 697, 17)

[Search iteration 72]
(Current best weights) [0.73423065 0.92394533 0.15792314 0.02067502 0.88564791 0.92402408
 0.50881937 0.45187109 0.24599646 0.2917805 ]
(Current best threshold) 0.09797662859488582
Score: 0.9104028108922073, Matrix [TP,TN,FP,FN](3969, 3286, 697, 17)

[Search iteration 73]
(Current best weights) [0.73423065 0.92394533 0.15792314 0.02067502 0.88564791 0.92402408
 0.50881937 0.45187109 0.24599646 0.2917805 ]
(Current best threshold) 0.09797662859488582
Score: 0.9104028108922073, Matrix [TP,TN,FP,FN](3969, 3286, 697, 17)

[Search iteration 74]
(Current best weights) [0.73423065 0.92394533 0.15792314 0.02067502 0.88564791 0.92402408
 0.50881937 0.45187109 0.24599646 0.2917805 ]
(Current best threshold) 0.09797662859488582
Score: 0.9104028108922073, Matrix [TP,TN,FP,FN](3969, 3286, 697, 17)

[Search iteration 75]
(Current best weights) [0.73423065 0.92394533 0.15792314 0.02067502 0.88564791 0.92402408
 0.50881937 0.45187109 0.24599646 0.2917805 ]
(Current best threshold) 0.09797662859488582
Score: 0.9104028108922073, Matrix [TP,TN,FP,FN](3969, 3286, 697, 17)

[Search iteration 76]
(Current best weights) [0.73423065 0.92394533 0.15792314 0.02067502 0.88564791 0.92402408
 0.50881937 0.45187109 0.24599646 0.2917805 ]
(Current best threshold) 0.09797662859488582
Score: 0.9104028108922073, Matrix [TP,TN,FP,FN](3969, 3286, 697, 17)

[Search iteration 77]
(Current best weights) [0.73423065 0.92394533 0.15792314 0.02067502 0.88564791 0.92402408
 0.50881937 0.45187109 0.24599646 0.2917805 ]
(Current best threshold) 0.09797662859488582
Score: 0.9104028108922073, Matrix [TP,TN,FP,FN](3969, 3286, 697, 17)

[Search iteration 78]
(Current best weights) [0.73423065 0.92394533 0.15792314 0.02067502 0.88564791 0.92402408
 0.50881937 0.45187109 0.24599646 0.2917805 ]
(Current best threshold) 0.09797662859488582
Score: 0.9104028108922073, Matrix [TP,TN,FP,FN](3969, 3286, 697, 17)

[Search iteration 79]
(Current best weights) [0.73423065 0.92394533 0.15792314 0.02067502 0.88564791 0.92402408
 0.50881937 0.45187109 0.24599646 0.2917805 ]
(Current best threshold) 0.09797662859488582
Score: 0.9104028108922073, Matrix [TP,TN,FP,FN](3969, 3286, 697, 17)

[Search iteration 80]
(Current best weights) [0.73423065 0.92394533 0.15792314 0.02067502 0.88564791 0.92402408
 0.50881937 0.45187109 0.24599646 0.2917805 ]
(Current best threshold) 0.09797662859488582
Score: 0.9104028108922073, Matrix [TP,TN,FP,FN](3969, 3286, 697, 17)

[Search iteration 81]
(Current best weights) [0.73423065 0.92394533 0.15792314 0.02067502 0.88564791 0.92402408
 0.50881937 0.45187109 0.24599646 0.2917805 ]
(Current best threshold) 0.09797662859488582
Score: 0.9104028108922073, Matrix [TP,TN,FP,FN](3969, 3286, 697, 17)

[Search iteration 82]
(Current best weights) [0.73423065 0.92394533 0.15792314 0.02067502 0.88564791 0.92402408
 0.50881937 0.45187109 0.24599646 0.2917805 ]
(Current best threshold) 0.09797662859488582
Score: 0.9104028108922073, Matrix [TP,TN,FP,FN](3969, 3286, 697, 17)

[Search iteration 83]
(Current best weights) [0.73423065 0.92394533 0.15792314 0.02067502 0.88564791 0.92402408
 0.50881937 0.45187109 0.24599646 0.2917805 ]
(Current best threshold) 0.09797662859488582
Score: 0.9104028108922073, Matrix [TP,TN,FP,FN](3969, 3286, 697, 17)

[Search iteration 84]
(Current best weights) [0.73423065 0.92394533 0.15792314 0.02067502 0.88564791 0.92402408
 0.50881937 0.45187109 0.24599646 0.2917805 ]
(Current best threshold) 0.09797662859488582
Score: 0.9104028108922073, Matrix [TP,TN,FP,FN](3969, 3286, 697, 17)

[Search iteration 85]
(Current best weights) [0.73423065 0.92394533 0.15792314 0.02067502 0.88564791 0.92402408
 0.50881937 0.45187109 0.24599646 0.2917805 ]
(Current best threshold) 0.09797662859488582
Score: 0.9104028108922073, Matrix [TP,TN,FP,FN](3969, 3286, 697, 17)

[Search iteration 86]
(Current best weights) [0.73423065 0.92394533 0.15792314 0.02067502 0.88564791 0.92402408
 0.50881937 0.45187109 0.24599646 0.2917805 ]
(Current best threshold) 0.09797662859488582
Score: 0.9104028108922073, Matrix [TP,TN,FP,FN](3969, 3286, 697, 17)

[Search iteration 87]
(Current best weights) [0.73423065 0.92394533 0.15792314 0.02067502 0.88564791 0.92402408
 0.50881937 0.45187109 0.24599646 0.2917805 ]
(Current best threshold) 0.09797662859488582
Score: 0.9104028108922073, Matrix [TP,TN,FP,FN](3969, 3286, 697, 17)

[Search iteration 88]
(Current best weights) [0.73423065 0.92394533 0.15792314 0.02067502 0.88564791 0.92402408
 0.50881937 0.45187109 0.24599646 0.2917805 ]
(Current best threshold) 0.09797662859488582
Score: 0.9104028108922073, Matrix [TP,TN,FP,FN](3969, 3286, 697, 17)

[Search iteration 89]
(Current best weights) [0.73423065 0.92394533 0.15792314 0.02067502 0.88564791 0.92402408
 0.50881937 0.45187109 0.24599646 0.2917805 ]
(Current best threshold) 0.09797662859488582
Score: 0.9104028108922073, Matrix [TP,TN,FP,FN](3969, 3286, 697, 17)

[Search iteration 90]
(Current best weights) [0.73423065 0.92394533 0.15792314 0.02067502 0.88564791 0.92402408
 0.50881937 0.45187109 0.24599646 0.2917805 ]
(Current best threshold) 0.09797662859488582
Score: 0.9104028108922073, Matrix [TP,TN,FP,FN](3969, 3286, 697, 17)

[Search iteration 91]
(Current best weights) [0.73423065 0.92394533 0.15792314 0.02067502 0.88564791 0.92402408
 0.50881937 0.45187109 0.24599646 0.2917805 ]
(Current best threshold) 0.09797662859488582
Score: 0.9104028108922073, Matrix [TP,TN,FP,FN](3969, 3286, 697, 17)

[Search iteration 92]
(Current best weights) [0.73423065 0.92394533 0.15792314 0.02067502 0.88564791 0.92402408
 0.50881937 0.45187109 0.24599646 0.2917805 ]
(Current best threshold) 0.09797662859488582
Score: 0.9104028108922073, Matrix [TP,TN,FP,FN](3969, 3286, 697, 17)

[Search iteration 93]
(Current best weights) [0.73423065 0.92394533 0.15792314 0.02067502 0.88564791 0.92402408
 0.50881937 0.45187109 0.24599646 0.2917805 ]
(Current best threshold) 0.09797662859488582
Score: 0.9104028108922073, Matrix [TP,TN,FP,FN](3969, 3286, 697, 17)

[Search iteration 94]
(Current best weights) [0.73423065 0.92394533 0.15792314 0.02067502 0.88564791 0.92402408
 0.50881937 0.45187109 0.24599646 0.2917805 ]
(Current best threshold) 0.09797662859488582
Score: 0.9104028108922073, Matrix [TP,TN,FP,FN](3969, 3286, 697, 17)

[Search iteration 95]
(Current best weights) [0.73423065 0.92394533 0.15792314 0.02067502 0.88564791 0.92402408
 0.50881937 0.45187109 0.24599646 0.2917805 ]
(Current best threshold) 0.09797662859488582
Score: 0.9104028108922073, Matrix [TP,TN,FP,FN](3969, 3286, 697, 17)

[Search iteration 96]
(Current best weights) [0.73423065 0.92394533 0.15792314 0.02067502 0.88564791 0.92402408
 0.50881937 0.45187109 0.24599646 0.2917805 ]
(Current best threshold) 0.09797662859488582
Score: 0.9104028108922073, Matrix [TP,TN,FP,FN](3969, 3286, 697, 17)

[Search iteration 97]
(Current best weights) [0.73423065 0.92394533 0.15792314 0.02067502 0.88564791 0.92402408
 0.50881937 0.45187109 0.24599646 0.2917805 ]
(Current best threshold) 0.09797662859488582
Score: 0.9104028108922073, Matrix [TP,TN,FP,FN](3969, 3286, 697, 17)

[Search iteration 98]
(Current best weights) [0.73423065 0.92394533 0.15792314 0.02067502 0.88564791 0.92402408
 0.50881937 0.45187109 0.24599646 0.2917805 ]
(Current best threshold) 0.09797662859488582
Score: 0.9104028108922073, Matrix [TP,TN,FP,FN](3969, 3286, 697, 17)

[Search iteration 99]
(Current best weights) [0.73423065 0.92394533 0.15792314 0.02067502 0.88564791 0.92402408
 0.50881937 0.45187109 0.24599646 0.2917805 ]
(Current best threshold) 0.09797662859488582
Score: 0.9104028108922073, Matrix [TP,TN,FP,FN](3969, 3286, 697, 17)

[Search iteration 100]
(Current best weights) [0.73423065 0.92394533 0.15792314 0.02067502 0.88564791 0.92402408
 0.50881937 0.45187109 0.24599646 0.2917805 ]
(Current best threshold) 0.09797662859488582
Score: 0.9104028108922073, Matrix [TP,TN,FP,FN](3969, 3286, 697, 17)

[Search iteration 101]
(Current best weights) [0.73423065 0.92394533 0.15792314 0.02067502 0.88564791 0.92402408
 0.50881937 0.45187109 0.24599646 0.2917805 ]
(Current best threshold) 0.09797662859488582
Score: 0.9104028108922073, Matrix [TP,TN,FP,FN](3969, 3286, 697, 17)

[Search iteration 102]
(Current best weights) [0.73423065 0.92394533 0.15792314 0.02067502 0.88564791 0.92402408
 0.50881937 0.45187109 0.24599646 0.2917805 ]
(Current best threshold) 0.09797662859488582
Score: 0.9104028108922073, Matrix [TP,TN,FP,FN](3969, 3286, 697, 17)

[Search iteration 103]
(Current best weights) [0.73423065 0.92394533 0.15792314 0.02067502 0.88564791 0.92402408
 0.50881937 0.45187109 0.24599646 0.2917805 ]
(Current best threshold) 0.09797662859488582
Score: 0.9104028108922073, Matrix [TP,TN,FP,FN](3969, 3286, 697, 17)

[Search iteration 104]
(Current best weights) [0.73423065 0.92394533 0.15792314 0.02067502 0.88564791 0.92402408
 0.50881937 0.45187109 0.24599646 0.2917805 ]
(Current best threshold) 0.09797662859488582
Score: 0.9104028108922073, Matrix [TP,TN,FP,FN](3969, 3286, 697, 17)

[Search iteration 105]
(Current best weights) [0.73423065 0.92394533 0.15792314 0.02067502 0.88564791 0.92402408
 0.50881937 0.45187109 0.24599646 0.2917805 ]
(Current best threshold) 0.09797662859488582
Score: 0.9104028108922073, Matrix [TP,TN,FP,FN](3969, 3286, 697, 17)

[Search iteration 106]
(Current best weights) [0.73423065 0.92394533 0.15792314 0.02067502 0.88564791 0.92402408
 0.50881937 0.45187109 0.24599646 0.2917805 ]
(Current best threshold) 0.09797662859488582
Score: 0.9104028108922073, Matrix [TP,TN,FP,FN](3969, 3286, 697, 17)

[Search iteration 107]
(Current best weights) [0.73423065 0.92394533 0.15792314 0.02067502 0.88564791 0.92402408
 0.50881937 0.45187109 0.24599646 0.2917805 ]
(Current best threshold) 0.09797662859488582
Score: 0.9104028108922073, Matrix [TP,TN,FP,FN](3969, 3286, 697, 17)

[Search iteration 108]
(Current best weights) [0.73423065 0.92394533 0.15792314 0.02067502 0.88564791 0.92402408
 0.50881937 0.45187109 0.24599646 0.2917805 ]
(Current best threshold) 0.09797662859488582
Score: 0.9104028108922073, Matrix [TP,TN,FP,FN](3969, 3286, 697, 17)

[Search iteration 109]
(Current best weights) [0.73423065 0.92394533 0.15792314 0.02067502 0.88564791 0.92402408
 0.50881937 0.45187109 0.24599646 0.2917805 ]
(Current best threshold) 0.09797662859488582
Score: 0.9104028108922073, Matrix [TP,TN,FP,FN](3969, 3286, 697, 17)

[Search iteration 110]
(Current best weights) [0.73423065 0.92394533 0.15792314 0.02067502 0.88564791 0.92402408
 0.50881937 0.45187109 0.24599646 0.2917805 ]
(Current best threshold) 0.09797662859488582
Score: 0.9104028108922073, Matrix [TP,TN,FP,FN](3969, 3286, 697, 17)

[Search iteration 111]
(Current best weights) [0.73423065 0.92394533 0.15792314 0.02067502 0.88564791 0.92402408
 0.50881937 0.45187109 0.24599646 0.2917805 ]
(Current best threshold) 0.09797662859488582
Score: 0.9104028108922073, Matrix [TP,TN,FP,FN](3969, 3286, 697, 17)

[Search iteration 112]
(Current best weights) [0.73423065 0.92394533 0.15792314 0.02067502 0.88564791 0.92402408
 0.50881937 0.45187109 0.24599646 0.2917805 ]
(Current best threshold) 0.09797662859488582
Score: 0.9104028108922073, Matrix [TP,TN,FP,FN](3969, 3286, 697, 17)

[Search iteration 113]
(Current best weights) [0.73423065 0.92394533 0.15792314 0.02067502 0.88564791 0.92402408
 0.50881937 0.45187109 0.24599646 0.2917805 ]
(Current best threshold) 0.09797662859488582
Score: 0.9104028108922073, Matrix [TP,TN,FP,FN](3969, 3286, 697, 17)

[Search iteration 114]
(Current best weights) [0.73423065 0.92394533 0.15792314 0.02067502 0.88564791 0.92402408
 0.50881937 0.45187109 0.24599646 0.2917805 ]
(Current best threshold) 0.09797662859488582
Score: 0.9104028108922073, Matrix [TP,TN,FP,FN](3969, 3286, 697, 17)

[Search iteration 115]
(Current best weights) [0.73423065 0.92394533 0.15792314 0.02067502 0.88564791 0.92402408
 0.50881937 0.45187109 0.24599646 0.2917805 ]
(Current best threshold) 0.09797662859488582
Score: 0.9104028108922073, Matrix [TP,TN,FP,FN](3969, 3286, 697, 17)

[Search iteration 116]
(Current best weights) [0.73423065 0.92394533 0.15792314 0.02067502 0.88564791 0.92402408
 0.50881937 0.45187109 0.24599646 0.2917805 ]
(Current best threshold) 0.09797662859488582
Score: 0.9104028108922073, Matrix [TP,TN,FP,FN](3969, 3286, 697, 17)

[Search iteration 117]
(Current best weights) [0.73423065 0.92394533 0.15792314 0.02067502 0.88564791 0.92402408
 0.50881937 0.45187109 0.24599646 0.2917805 ]
(Current best threshold) 0.09797662859488582
Score: 0.9104028108922073, Matrix [TP,TN,FP,FN](3969, 3286, 697, 17)

[Search iteration 118]
(Current best weights) [0.73423065 0.92394533 0.15792314 0.02067502 0.88564791 0.92402408
 0.50881937 0.45187109 0.24599646 0.2917805 ]
(Current best threshold) 0.09797662859488582
Score: 0.9104028108922073, Matrix [TP,TN,FP,FN](3969, 3286, 697, 17)

[Search iteration 119]
(Current best weights) [0.73423065 0.92394533 0.15792314 0.02067502 0.88564791 0.92402408
 0.50881937 0.45187109 0.24599646 0.2917805 ]
(Current best threshold) 0.09797662859488582
Score: 0.9104028108922073, Matrix [TP,TN,FP,FN](3969, 3286, 697, 17)

[Search iteration 120]
(Current best weights) [0.73423065 0.92394533 0.15792314 0.02067502 0.88564791 0.92402408
 0.50881937 0.45187109 0.24599646 0.2917805 ]
(Current best threshold) 0.09797662859488582
Score: 0.9104028108922073, Matrix [TP,TN,FP,FN](3969, 3286, 697, 17)

[Search iteration 121]
(Current best weights) [0.73423065 0.92394533 0.15792314 0.02067502 0.88564791 0.92402408
 0.50881937 0.45187109 0.24599646 0.2917805 ]
(Current best threshold) 0.09797662859488582
Score: 0.9104028108922073, Matrix [TP,TN,FP,FN](3969, 3286, 697, 17)

[Search iteration 122]
(Current best weights) [0.73423065 0.92394533 0.15792314 0.02067502 0.88564791 0.92402408
 0.50881937 0.45187109 0.24599646 0.2917805 ]
(Current best threshold) 0.09797662859488582
Score: 0.9104028108922073, Matrix [TP,TN,FP,FN](3969, 3286, 697, 17)

[Search iteration 123]
(Current best weights) [0.73423065 0.92394533 0.15792314 0.02067502 0.88564791 0.92402408
 0.50881937 0.45187109 0.24599646 0.2917805 ]
(Current best threshold) 0.09797662859488582
Score: 0.9104028108922073, Matrix [TP,TN,FP,FN](3969, 3286, 697, 17)

[Search iteration 124]
(Current best weights) [0.73423065 0.92394533 0.15792314 0.02067502 0.88564791 0.92402408
 0.50881937 0.45187109 0.24599646 0.2917805 ]
(Current best threshold) 0.09797662859488582
Score: 0.9104028108922073, Matrix [TP,TN,FP,FN](3969, 3286, 697, 17)

[Search iteration 125]
(Current best weights) [0.73423065 0.92394533 0.15792314 0.02067502 0.88564791 0.92402408
 0.50881937 0.45187109 0.24599646 0.2917805 ]
(Current best threshold) 0.09797662859488582
Score: 0.9104028108922073, Matrix [TP,TN,FP,FN](3969, 3286, 697, 17)

[Search iteration 126]
(Current best weights) [0.73423065 0.92394533 0.15792314 0.02067502 0.88564791 0.92402408
 0.50881937 0.45187109 0.24599646 0.2917805 ]
(Current best threshold) 0.09797662859488582
Score: 0.9104028108922073, Matrix [TP,TN,FP,FN](3969, 3286, 697, 17)

[Search iteration 127]
(Current best weights) [0.73423065 0.92394533 0.15792314 0.02067502 0.88564791 0.92402408
 0.50881937 0.45187109 0.24599646 0.2917805 ]
(Current best threshold) 0.09797662859488582
Score: 0.9104028108922073, Matrix [TP,TN,FP,FN](3969, 3286, 697, 17)

[Search iteration 128]
(Current best weights) [0.73423065 0.92394533 0.15792314 0.02067502 0.88564791 0.92402408
 0.50881937 0.45187109 0.24599646 0.2917805 ]
(Current best threshold) 0.09797662859488582
Score: 0.9104028108922073, Matrix [TP,TN,FP,FN](3969, 3286, 697, 17)

[Search iteration 129]
(Current best weights) [0.73423065 0.92394533 0.15792314 0.02067502 0.88564791 0.92402408
 0.50881937 0.45187109 0.24599646 0.2917805 ]
(Current best threshold) 0.09797662859488582
Score: 0.9104028108922073, Matrix [TP,TN,FP,FN](3969, 3286, 697, 17)

[Search iteration 130]
(Current best weights) [0.73423065 0.92394533 0.15792314 0.02067502 0.88564791 0.92402408
 0.50881937 0.45187109 0.24599646 0.2917805 ]
(Current best threshold) 0.09797662859488582
Score: 0.9104028108922073, Matrix [TP,TN,FP,FN](3969, 3286, 697, 17)

[Search iteration 131]
(Current best weights) [0.73423065 0.92394533 0.15792314 0.02067502 0.88564791 0.92402408
 0.50881937 0.45187109 0.24599646 0.2917805 ]
(Current best threshold) 0.09797662859488582
Score: 0.9104028108922073, Matrix [TP,TN,FP,FN](3969, 3286, 697, 17)

[Search iteration 132]
(Current best weights) [0.73423065 0.92394533 0.15792314 0.02067502 0.88564791 0.92402408
 0.50881937 0.45187109 0.24599646 0.2917805 ]
(Current best threshold) 0.09797662859488582
Score: 0.9104028108922073, Matrix [TP,TN,FP,FN](3969, 3286, 697, 17)

[Search iteration 133]
(Current best weights) [0.73423065 0.92394533 0.15792314 0.02067502 0.88564791 0.92402408
 0.50881937 0.45187109 0.24599646 0.2917805 ]
(Current best threshold) 0.09797662859488582
Score: 0.9104028108922073, Matrix [TP,TN,FP,FN](3969, 3286, 697, 17)

[Search iteration 134]
(Current best weights) [0.73423065 0.92394533 0.15792314 0.02067502 0.88564791 0.92402408
 0.50881937 0.45187109 0.24599646 0.2917805 ]
(Current best threshold) 0.09797662859488582
Score: 0.9104028108922073, Matrix [TP,TN,FP,FN](3969, 3286, 697, 17)

[Search iteration 135]
(Current best weights) [0.73423065 0.92394533 0.15792314 0.02067502 0.88564791 0.92402408
 0.50881937 0.45187109 0.24599646 0.2917805 ]
(Current best threshold) 0.09797662859488582
Score: 0.9104028108922073, Matrix [TP,TN,FP,FN](3969, 3286, 697, 17)

[Search iteration 136]
(Current best weights) [0.73423065 0.92394533 0.15792314 0.02067502 0.88564791 0.92402408
 0.50881937 0.45187109 0.24599646 0.2917805 ]
(Current best threshold) 0.09797662859488582
Score: 0.9104028108922073, Matrix [TP,TN,FP,FN](3969, 3286, 697, 17)

[Search iteration 137]
(Current best weights) [0.73423065 0.92394533 0.15792314 0.02067502 0.88564791 0.92402408
 0.50881937 0.45187109 0.24599646 0.2917805 ]
(Current best threshold) 0.09797662859488582
Score: 0.9104028108922073, Matrix [TP,TN,FP,FN](3969, 3286, 697, 17)

[Search iteration 138]
(Current best weights) [0.73423065 0.92394533 0.15792314 0.02067502 0.88564791 0.92402408
 0.50881937 0.45187109 0.24599646 0.2917805 ]
(Current best threshold) 0.09797662859488582
Score: 0.9104028108922073, Matrix [TP,TN,FP,FN](3969, 3286, 697, 17)

[Search iteration 139]
(Current best weights) [0.73423065 0.92394533 0.15792314 0.02067502 0.88564791 0.92402408
 0.50881937 0.45187109 0.24599646 0.2917805 ]
(Current best threshold) 0.09797662859488582
Score: 0.9104028108922073, Matrix [TP,TN,FP,FN](3969, 3286, 697, 17)

[Search iteration 140]
(Current best weights) [0.73423065 0.92394533 0.15792314 0.02067502 0.88564791 0.92402408
 0.50881937 0.45187109 0.24599646 0.2917805 ]
(Current best threshold) 0.09797662859488582
Score: 0.9104028108922073, Matrix [TP,TN,FP,FN](3969, 3286, 697, 17)

[Search iteration 141]
(Current best weights) [0.73423065 0.92394533 0.15792314 0.02067502 0.88564791 0.92402408
 0.50881937 0.45187109 0.24599646 0.2917805 ]
(Current best threshold) 0.09797662859488582
Score: 0.9104028108922073, Matrix [TP,TN,FP,FN](3969, 3286, 697, 17)

[Search iteration 142]
(Current best weights) [0.73423065 0.92394533 0.15792314 0.02067502 0.88564791 0.92402408
 0.50881937 0.45187109 0.24599646 0.2917805 ]
(Current best threshold) 0.09797662859488582
Score: 0.9104028108922073, Matrix [TP,TN,FP,FN](3969, 3286, 697, 17)

[Search iteration 143]
(Current best weights) [0.73423065 0.92394533 0.15792314 0.02067502 0.88564791 0.92402408
 0.50881937 0.45187109 0.24599646 0.2917805 ]
(Current best threshold) 0.09797662859488582
Score: 0.9104028108922073, Matrix [TP,TN,FP,FN](3969, 3286, 697, 17)

[Search iteration 144]
(Current best weights) [0.73423065 0.92394533 0.15792314 0.02067502 0.88564791 0.92402408
 0.50881937 0.45187109 0.24599646 0.2917805 ]
(Current best threshold) 0.09797662859488582
Score: 0.9104028108922073, Matrix [TP,TN,FP,FN](3969, 3286, 697, 17)

[Search iteration 145]
(Current best weights) [0.73423065 0.92394533 0.15792314 0.02067502 0.88564791 0.92402408
 0.50881937 0.45187109 0.24599646 0.2917805 ]
(Current best threshold) 0.09797662859488582
Score: 0.9104028108922073, Matrix [TP,TN,FP,FN](3969, 3286, 697, 17)

[Search iteration 146]
(Current best weights) [0.73423065 0.92394533 0.15792314 0.02067502 0.88564791 0.92402408
 0.50881937 0.45187109 0.24599646 0.2917805 ]
(Current best threshold) 0.09797662859488582
Score: 0.9104028108922073, Matrix [TP,TN,FP,FN](3969, 3286, 697, 17)

[Search iteration 147]
(Current best weights) [0.73423065 0.92394533 0.15792314 0.02067502 0.88564791 0.92402408
 0.50881937 0.45187109 0.24599646 0.2917805 ]
(Current best threshold) 0.09797662859488582
Score: 0.9104028108922073, Matrix [TP,TN,FP,FN](3969, 3286, 697, 17)

[Search iteration 148]
(Current best weights) [0.73423065 0.92394533 0.15792314 0.02067502 0.88564791 0.92402408
 0.50881937 0.45187109 0.24599646 0.2917805 ]
(Current best threshold) 0.09797662859488582
Score: 0.9104028108922073, Matrix [TP,TN,FP,FN](3969, 3286, 697, 17)

[Search iteration 149]
(Current best weights) [0.73423065 0.92394533 0.15792314 0.02067502 0.88564791 0.92402408
 0.50881937 0.45187109 0.24599646 0.2917805 ]
(Current best threshold) 0.09797662859488582
Score: 0.9104028108922073, Matrix [TP,TN,FP,FN](3969, 3286, 697, 17)

[Search iteration 150]
(Current best weights) [0.73423065 0.92394533 0.15792314 0.02067502 0.88564791 0.92402408
 0.50881937 0.45187109 0.24599646 0.2917805 ]
(Current best threshold) 0.09797662859488582
Score: 0.9104028108922073, Matrix [TP,TN,FP,FN](3969, 3286, 697, 17)

[Search iteration 151]
(Current best weights) [0.73423065 0.92394533 0.15792314 0.02067502 0.88564791 0.92402408
 0.50881937 0.45187109 0.24599646 0.2917805 ]
(Current best threshold) 0.09797662859488582
Score: 0.9104028108922073, Matrix [TP,TN,FP,FN](3969, 3286, 697, 17)

[Search iteration 152]
(Current best weights) [0.73423065 0.92394533 0.15792314 0.02067502 0.88564791 0.92402408
 0.50881937 0.45187109 0.24599646 0.2917805 ]
(Current best threshold) 0.09797662859488582
Score: 0.9104028108922073, Matrix [TP,TN,FP,FN](3969, 3286, 697, 17)

[Search iteration 153]
(Current best weights) [0.73423065 0.92394533 0.15792314 0.02067502 0.88564791 0.92402408
 0.50881937 0.45187109 0.24599646 0.2917805 ]
(Current best threshold) 0.09797662859488582
Score: 0.9104028108922073, Matrix [TP,TN,FP,FN](3969, 3286, 697, 17)

[Search iteration 154]
(Current best weights) [0.73423065 0.92394533 0.15792314 0.02067502 0.88564791 0.92402408
 0.50881937 0.45187109 0.24599646 0.2917805 ]
(Current best threshold) 0.09797662859488582
Score: 0.9104028108922073, Matrix [TP,TN,FP,FN](3969, 3286, 697, 17)

[Search iteration 155]
(Current best weights) [0.73423065 0.92394533 0.15792314 0.02067502 0.88564791 0.92402408
 0.50881937 0.45187109 0.24599646 0.2917805 ]
(Current best threshold) 0.09797662859488582
Score: 0.9104028108922073, Matrix [TP,TN,FP,FN](3969, 3286, 697, 17)

[Search iteration 156]
(Current best weights) [0.73423065 0.92394533 0.15792314 0.02067502 0.88564791 0.92402408
 0.50881937 0.45187109 0.24599646 0.2917805 ]
(Current best threshold) 0.09797662859488582
Score: 0.9104028108922073, Matrix [TP,TN,FP,FN](3969, 3286, 697, 17)

[Search iteration 157]
(Current best weights) [0.73423065 0.92394533 0.15792314 0.02067502 0.88564791 0.92402408
 0.50881937 0.45187109 0.24599646 0.2917805 ]
(Current best threshold) 0.09797662859488582
Score: 0.9104028108922073, Matrix [TP,TN,FP,FN](3969, 3286, 697, 17)

[Search iteration 158]
(Current best weights) [0.73423065 0.92394533 0.15792314 0.02067502 0.88564791 0.92402408
 0.50881937 0.45187109 0.24599646 0.2917805 ]
(Current best threshold) 0.09797662859488582
Score: 0.9104028108922073, Matrix [TP,TN,FP,FN](3969, 3286, 697, 17)

[Search iteration 159]
(Current best weights) [0.73423065 0.92394533 0.15792314 0.02067502 0.88564791 0.92402408
 0.50881937 0.45187109 0.24599646 0.2917805 ]
(Current best threshold) 0.09797662859488582
Score: 0.9104028108922073, Matrix [TP,TN,FP,FN](3969, 3286, 697, 17)

[Search iteration 160]
(Current best weights) [0.73423065 0.92394533 0.15792314 0.02067502 0.88564791 0.92402408
 0.50881937 0.45187109 0.24599646 0.2917805 ]
(Current best threshold) 0.09797662859488582
Score: 0.9104028108922073, Matrix [TP,TN,FP,FN](3969, 3286, 697, 17)

[Search iteration 161]
(Current best weights) [0.73423065 0.92394533 0.15792314 0.02067502 0.88564791 0.92402408
 0.50881937 0.45187109 0.24599646 0.2917805 ]
(Current best threshold) 0.09797662859488582
Score: 0.9104028108922073, Matrix [TP,TN,FP,FN](3969, 3286, 697, 17)

[Search iteration 162]
(Current best weights) [0.73423065 0.92394533 0.15792314 0.02067502 0.88564791 0.92402408
 0.50881937 0.45187109 0.24599646 0.2917805 ]
(Current best threshold) 0.09797662859488582
Score: 0.9104028108922073, Matrix [TP,TN,FP,FN](3969, 3286, 697, 17)

[Search iteration 163]
(Current best weights) [0.73423065 0.92394533 0.15792314 0.02067502 0.88564791 0.92402408
 0.50881937 0.45187109 0.24599646 0.2917805 ]
(Current best threshold) 0.09797662859488582
Score: 0.9104028108922073, Matrix [TP,TN,FP,FN](3969, 3286, 697, 17)

[Search iteration 164]
(Current best weights) [0.73423065 0.92394533 0.15792314 0.02067502 0.88564791 0.92402408
 0.50881937 0.45187109 0.24599646 0.2917805 ]
(Current best threshold) 0.09797662859488582
Score: 0.9104028108922073, Matrix [TP,TN,FP,FN](3969, 3286, 697, 17)

[Search iteration 165]
(Current best weights) [0.73423065 0.92394533 0.15792314 0.02067502 0.88564791 0.92402408
 0.50881937 0.45187109 0.24599646 0.2917805 ]
(Current best threshold) 0.09797662859488582
Score: 0.9104028108922073, Matrix [TP,TN,FP,FN](3969, 3286, 697, 17)

[Search iteration 166]
(Current best weights) [0.73423065 0.92394533 0.15792314 0.02067502 0.88564791 0.92402408
 0.50881937 0.45187109 0.24599646 0.2917805 ]
(Current best threshold) 0.09797662859488582
Score: 0.9104028108922073, Matrix [TP,TN,FP,FN](3969, 3286, 697, 17)

[Search iteration 167]
(Current best weights) [0.73423065 0.92394533 0.15792314 0.02067502 0.88564791 0.92402408
 0.50881937 0.45187109 0.24599646 0.2917805 ]
(Current best threshold) 0.09797662859488582
Score: 0.9104028108922073, Matrix [TP,TN,FP,FN](3969, 3286, 697, 17)

[Search iteration 168]
(Current best weights) [0.73423065 0.92394533 0.15792314 0.02067502 0.88564791 0.92402408
 0.50881937 0.45187109 0.24599646 0.2917805 ]
(Current best threshold) 0.09797662859488582
Score: 0.9104028108922073, Matrix [TP,TN,FP,FN](3969, 3286, 697, 17)

[Search iteration 169]
(Current best weights) [0.73423065 0.92394533 0.15792314 0.02067502 0.88564791 0.92402408
 0.50881937 0.45187109 0.24599646 0.2917805 ]
(Current best threshold) 0.09797662859488582
Score: 0.9104028108922073, Matrix [TP,TN,FP,FN](3969, 3286, 697, 17)

[Search iteration 170]
(Current best weights) [0.73423065 0.92394533 0.15792314 0.02067502 0.88564791 0.92402408
 0.50881937 0.45187109 0.24599646 0.2917805 ]
(Current best threshold) 0.09797662859488582
Score: 0.9104028108922073, Matrix [TP,TN,FP,FN](3969, 3286, 697, 17)

[Search iteration 171]
(Current best weights) [0.73423065 0.92394533 0.15792314 0.02067502 0.88564791 0.92402408
 0.50881937 0.45187109 0.24599646 0.2917805 ]
(Current best threshold) 0.09797662859488582
Score: 0.9104028108922073, Matrix [TP,TN,FP,FN](3969, 3286, 697, 17)

[Search iteration 172]
(Current best weights) [0.73423065 0.92394533 0.15792314 0.02067502 0.88564791 0.92402408
 0.50881937 0.45187109 0.24599646 0.2917805 ]
(Current best threshold) 0.09797662859488582
Score: 0.9104028108922073, Matrix [TP,TN,FP,FN](3969, 3286, 697, 17)

[Search iteration 173]
(Current best weights) [0.73423065 0.92394533 0.15792314 0.02067502 0.88564791 0.92402408
 0.50881937 0.45187109 0.24599646 0.2917805 ]
(Current best threshold) 0.09797662859488582
Score: 0.9104028108922073, Matrix [TP,TN,FP,FN](3969, 3286, 697, 17)

[Search iteration 174]
(Current best weights) [0.73423065 0.92394533 0.15792314 0.02067502 0.88564791 0.92402408
 0.50881937 0.45187109 0.24599646 0.2917805 ]
(Current best threshold) 0.09797662859488582
Score: 0.9104028108922073, Matrix [TP,TN,FP,FN](3969, 3286, 697, 17)

[Search iteration 175]
(Current best weights) [0.73423065 0.92394533 0.15792314 0.02067502 0.88564791 0.92402408
 0.50881937 0.45187109 0.24599646 0.2917805 ]
(Current best threshold) 0.09797662859488582
Score: 0.9104028108922073, Matrix [TP,TN,FP,FN](3969, 3286, 697, 17)

[Search iteration 176]
(Current best weights) [0.73423065 0.92394533 0.15792314 0.02067502 0.88564791 0.92402408
 0.50881937 0.45187109 0.24599646 0.2917805 ]
(Current best threshold) 0.09797662859488582
Score: 0.9104028108922073, Matrix [TP,TN,FP,FN](3969, 3286, 697, 17)

[Search iteration 177]
(Current best weights) [0.73423065 0.92394533 0.15792314 0.02067502 0.88564791 0.92402408
 0.50881937 0.45187109 0.24599646 0.2917805 ]
(Current best threshold) 0.09797662859488582
Score: 0.9104028108922073, Matrix [TP,TN,FP,FN](3969, 3286, 697, 17)

[Search iteration 178]
(Current best weights) [0.73423065 0.92394533 0.15792314 0.02067502 0.88564791 0.92402408
 0.50881937 0.45187109 0.24599646 0.2917805 ]
(Current best threshold) 0.09797662859488582
Score: 0.9104028108922073, Matrix [TP,TN,FP,FN](3969, 3286, 697, 17)

[Search iteration 179]
(Current best weights) [0.73423065 0.92394533 0.15792314 0.02067502 0.88564791 0.92402408
 0.50881937 0.45187109 0.24599646 0.2917805 ]
(Current best threshold) 0.09797662859488582
Score: 0.9104028108922073, Matrix [TP,TN,FP,FN](3969, 3286, 697, 17)

[Search iteration 180]
(Current best weights) [0.73423065 0.92394533 0.15792314 0.02067502 0.88564791 0.92402408
 0.50881937 0.45187109 0.24599646 0.2917805 ]
(Current best threshold) 0.09797662859488582
Score: 0.9104028108922073, Matrix [TP,TN,FP,FN](3969, 3286, 697, 17)

[Search iteration 181]
(Current best weights) [0.73423065 0.92394533 0.15792314 0.02067502 0.88564791 0.92402408
 0.50881937 0.45187109 0.24599646 0.2917805 ]
(Current best threshold) 0.09797662859488582
Score: 0.9104028108922073, Matrix [TP,TN,FP,FN](3969, 3286, 697, 17)

[Search iteration 182]
(Current best weights) [0.73423065 0.92394533 0.15792314 0.02067502 0.88564791 0.92402408
 0.50881937 0.45187109 0.24599646 0.2917805 ]
(Current best threshold) 0.09797662859488582
Score: 0.9104028108922073, Matrix [TP,TN,FP,FN](3969, 3286, 697, 17)

[Search iteration 183]
(Current best weights) [0.73423065 0.92394533 0.15792314 0.02067502 0.88564791 0.92402408
 0.50881937 0.45187109 0.24599646 0.2917805 ]
(Current best threshold) 0.09797662859488582
Score: 0.9104028108922073, Matrix [TP,TN,FP,FN](3969, 3286, 697, 17)

[Search iteration 184]
(Current best weights) [0.73423065 0.92394533 0.15792314 0.02067502 0.88564791 0.92402408
 0.50881937 0.45187109 0.24599646 0.2917805 ]
(Current best threshold) 0.09797662859488582
Score: 0.9104028108922073, Matrix [TP,TN,FP,FN](3969, 3286, 697, 17)

[Search iteration 185]
(Current best weights) [0.73423065 0.92394533 0.15792314 0.02067502 0.88564791 0.92402408
 0.50881937 0.45187109 0.24599646 0.2917805 ]
(Current best threshold) 0.09797662859488582
Score: 0.9104028108922073, Matrix [TP,TN,FP,FN](3969, 3286, 697, 17)

[Search iteration 186]
(Current best weights) [0.73423065 0.92394533 0.15792314 0.02067502 0.88564791 0.92402408
 0.50881937 0.45187109 0.24599646 0.2917805 ]
(Current best threshold) 0.09797662859488582
Score: 0.9104028108922073, Matrix [TP,TN,FP,FN](3969, 3286, 697, 17)

[Search iteration 187]
(Current best weights) [0.73423065 0.92394533 0.15792314 0.02067502 0.88564791 0.92402408
 0.50881937 0.45187109 0.24599646 0.2917805 ]
(Current best threshold) 0.09797662859488582
Score: 0.9104028108922073, Matrix [TP,TN,FP,FN](3969, 3286, 697, 17)

[Search iteration 188]
(Current best weights) [0.73423065 0.92394533 0.15792314 0.02067502 0.88564791 0.92402408
 0.50881937 0.45187109 0.24599646 0.2917805 ]
(Current best threshold) 0.09797662859488582
Score: 0.9104028108922073, Matrix [TP,TN,FP,FN](3969, 3286, 697, 17)

[Search iteration 189]
(Current best weights) [0.73423065 0.92394533 0.15792314 0.02067502 0.88564791 0.92402408
 0.50881937 0.45187109 0.24599646 0.2917805 ]
(Current best threshold) 0.09797662859488582
Score: 0.9104028108922073, Matrix [TP,TN,FP,FN](3969, 3286, 697, 17)

[Search iteration 190]
(Current best weights) [0.73423065 0.92394533 0.15792314 0.02067502 0.88564791 0.92402408
 0.50881937 0.45187109 0.24599646 0.2917805 ]
(Current best threshold) 0.09797662859488582
Score: 0.9104028108922073, Matrix [TP,TN,FP,FN](3969, 3286, 697, 17)

[Search iteration 191]
(Current best weights) [0.73423065 0.92394533 0.15792314 0.02067502 0.88564791 0.92402408
 0.50881937 0.45187109 0.24599646 0.2917805 ]
(Current best threshold) 0.09797662859488582
Score: 0.9104028108922073, Matrix [TP,TN,FP,FN](3969, 3286, 697, 17)

[Search iteration 192]
(Current best weights) [0.73423065 0.92394533 0.15792314 0.02067502 0.88564791 0.92402408
 0.50881937 0.45187109 0.24599646 0.2917805 ]
(Current best threshold) 0.09797662859488582
Score: 0.9104028108922073, Matrix [TP,TN,FP,FN](3969, 3286, 697, 17)

[Search iteration 193]
(Current best weights) [0.73423065 0.92394533 0.15792314 0.02067502 0.88564791 0.92402408
 0.50881937 0.45187109 0.24599646 0.2917805 ]
(Current best threshold) 0.09797662859488582
Score: 0.9104028108922073, Matrix [TP,TN,FP,FN](3969, 3286, 697, 17)

[Search iteration 194]
(Current best weights) [0.73423065 0.92394533 0.15792314 0.02067502 0.88564791 0.92402408
 0.50881937 0.45187109 0.24599646 0.2917805 ]
(Current best threshold) 0.09797662859488582
Score: 0.9104028108922073, Matrix [TP,TN,FP,FN](3969, 3286, 697, 17)

[Search iteration 195]
(Current best weights) [0.73423065 0.92394533 0.15792314 0.02067502 0.88564791 0.92402408
 0.50881937 0.45187109 0.24599646 0.2917805 ]
(Current best threshold) 0.09797662859488582
Score: 0.9104028108922073, Matrix [TP,TN,FP,FN](3969, 3286, 697, 17)

[Search iteration 196]
(Current best weights) [0.73423065 0.92394533 0.15792314 0.02067502 0.88564791 0.92402408
 0.50881937 0.45187109 0.24599646 0.2917805 ]
(Current best threshold) 0.09797662859488582
Score: 0.9104028108922073, Matrix [TP,TN,FP,FN](3969, 3286, 697, 17)

[Search iteration 197]
(Current best weights) [0.73423065 0.92394533 0.15792314 0.02067502 0.88564791 0.92402408
 0.50881937 0.45187109 0.24599646 0.2917805 ]
(Current best threshold) 0.09797662859488582
Score: 0.9104028108922073, Matrix [TP,TN,FP,FN](3969, 3286, 697, 17)

[Search iteration 198]
(Current best weights) [0.73423065 0.92394533 0.15792314 0.02067502 0.88564791 0.92402408
 0.50881937 0.45187109 0.24599646 0.2917805 ]
(Current best threshold) 0.09797662859488582
Score: 0.9104028108922073, Matrix [TP,TN,FP,FN](3969, 3286, 697, 17)

[Search iteration 199]
(Current best weights) [0.73423065 0.92394533 0.15792314 0.02067502 0.88564791 0.92402408
 0.50881937 0.45187109 0.24599646 0.2917805 ]
(Current best threshold) 0.09797662859488582
Score: 0.9104028108922073, Matrix [TP,TN,FP,FN](3969, 3286, 697, 17)

[Search iteration 200]
(Current best weights) [0.73423065 0.92394533 0.15792314 0.02067502 0.88564791 0.92402408
 0.50881937 0.45187109 0.24599646 0.2917805 ]
(Current best threshold) 0.09797662859488582
Score: 0.9104028108922073, Matrix [TP,TN,FP,FN](3969, 3286, 697, 17)

[Search iteration 201]
(Current best weights) [0.73423065 0.92394533 0.15792314 0.02067502 0.88564791 0.92402408
 0.50881937 0.45187109 0.24599646 0.2917805 ]
(Current best threshold) 0.09797662859488582
Score: 0.9104028108922073, Matrix [TP,TN,FP,FN](3969, 3286, 697, 17)

[Search iteration 202]
(Current best weights) [0.73423065 0.92394533 0.15792314 0.02067502 0.88564791 0.92402408
 0.50881937 0.45187109 0.24599646 0.2917805 ]
(Current best threshold) 0.09797662859488582
Score: 0.9104028108922073, Matrix [TP,TN,FP,FN](3969, 3286, 697, 17)

[Search iteration 203]
(Current best weights) [0.73423065 0.92394533 0.15792314 0.02067502 0.88564791 0.92402408
 0.50881937 0.45187109 0.24599646 0.2917805 ]
(Current best threshold) 0.09797662859488582
Score: 0.9104028108922073, Matrix [TP,TN,FP,FN](3969, 3286, 697, 17)

[Search iteration 204]
(Current best weights) [0.73423065 0.92394533 0.15792314 0.02067502 0.88564791 0.92402408
 0.50881937 0.45187109 0.24599646 0.2917805 ]
(Current best threshold) 0.09797662859488582
Score: 0.9104028108922073, Matrix [TP,TN,FP,FN](3969, 3286, 697, 17)

[Search iteration 205]
(Current best weights) [0.73423065 0.92394533 0.15792314 0.02067502 0.88564791 0.92402408
 0.50881937 0.45187109 0.24599646 0.2917805 ]
(Current best threshold) 0.09797662859488582
Score: 0.9104028108922073, Matrix [TP,TN,FP,FN](3969, 3286, 697, 17)

[Search iteration 206]
(Current best weights) [0.73423065 0.92394533 0.15792314 0.02067502 0.88564791 0.92402408
 0.50881937 0.45187109 0.24599646 0.2917805 ]
(Current best threshold) 0.09797662859488582
Score: 0.9104028108922073, Matrix [TP,TN,FP,FN](3969, 3286, 697, 17)

[Search iteration 207]
(Current best weights) [0.73423065 0.92394533 0.15792314 0.02067502 0.88564791 0.92402408
 0.50881937 0.45187109 0.24599646 0.2917805 ]
(Current best threshold) 0.09797662859488582
Score: 0.9104028108922073, Matrix [TP,TN,FP,FN](3969, 3286, 697, 17)

[Search iteration 208]
(Current best weights) [0.73423065 0.92394533 0.15792314 0.02067502 0.88564791 0.92402408
 0.50881937 0.45187109 0.24599646 0.2917805 ]
(Current best threshold) 0.09797662859488582
Score: 0.9104028108922073, Matrix [TP,TN,FP,FN](3969, 3286, 697, 17)

[Search iteration 209]
(Current best weights) [0.73423065 0.92394533 0.15792314 0.02067502 0.88564791 0.92402408
 0.50881937 0.45187109 0.24599646 0.2917805 ]
(Current best threshold) 0.09797662859488582
Score: 0.9104028108922073, Matrix [TP,TN,FP,FN](3969, 3286, 697, 17)

[Search iteration 210]
(Current best weights) [0.73423065 0.92394533 0.15792314 0.02067502 0.88564791 0.92402408
 0.50881937 0.45187109 0.24599646 0.2917805 ]
(Current best threshold) 0.09797662859488582
Score: 0.9104028108922073, Matrix [TP,TN,FP,FN](3969, 3286, 697, 17)

[Search iteration 211]
(Current best weights) [0.73423065 0.92394533 0.15792314 0.02067502 0.88564791 0.92402408
 0.50881937 0.45187109 0.24599646 0.2917805 ]
(Current best threshold) 0.09797662859488582
Score: 0.9104028108922073, Matrix [TP,TN,FP,FN](3969, 3286, 697, 17)

[Search iteration 212]
(Current best weights) [0.73423065 0.92394533 0.15792314 0.02067502 0.88564791 0.92402408
 0.50881937 0.45187109 0.24599646 0.2917805 ]
(Current best threshold) 0.09797662859488582
Score: 0.9104028108922073, Matrix [TP,TN,FP,FN](3969, 3286, 697, 17)

[Search iteration 213]
(Current best weights) [0.73423065 0.92394533 0.15792314 0.02067502 0.88564791 0.92402408
 0.50881937 0.45187109 0.24599646 0.2917805 ]
(Current best threshold) 0.09797662859488582
Score: 0.9104028108922073, Matrix [TP,TN,FP,FN](3969, 3286, 697, 17)

[Search iteration 214]
(Current best weights) [0.73423065 0.92394533 0.15792314 0.02067502 0.88564791 0.92402408
 0.50881937 0.45187109 0.24599646 0.2917805 ]
(Current best threshold) 0.09797662859488582
Score: 0.9104028108922073, Matrix [TP,TN,FP,FN](3969, 3286, 697, 17)

[Search iteration 215]
(Current best weights) [0.73423065 0.92394533 0.15792314 0.02067502 0.88564791 0.92402408
 0.50881937 0.45187109 0.24599646 0.2917805 ]
(Current best threshold) 0.09797662859488582
Score: 0.9104028108922073, Matrix [TP,TN,FP,FN](3969, 3286, 697, 17)

[Search iteration 216]
(Current best weights) [0.73423065 0.92394533 0.15792314 0.02067502 0.88564791 0.92402408
 0.50881937 0.45187109 0.24599646 0.2917805 ]
(Current best threshold) 0.09797662859488582
Score: 0.9104028108922073, Matrix [TP,TN,FP,FN](3969, 3286, 697, 17)

[Search iteration 217]
(Current best weights) [0.73423065 0.92394533 0.15792314 0.02067502 0.88564791 0.92402408
 0.50881937 0.45187109 0.24599646 0.2917805 ]
(Current best threshold) 0.09797662859488582
Score: 0.9104028108922073, Matrix [TP,TN,FP,FN](3969, 3286, 697, 17)

[Search iteration 218]
(Current best weights) [0.73423065 0.92394533 0.15792314 0.02067502 0.88564791 0.92402408
 0.50881937 0.45187109 0.24599646 0.2917805 ]
(Current best threshold) 0.09797662859488582
Score: 0.9104028108922073, Matrix [TP,TN,FP,FN](3969, 3286, 697, 17)

[Search iteration 219]
(Current best weights) [0.73423065 0.92394533 0.15792314 0.02067502 0.88564791 0.92402408
 0.50881937 0.45187109 0.24599646 0.2917805 ]
(Current best threshold) 0.09797662859488582
Score: 0.9104028108922073, Matrix [TP,TN,FP,FN](3969, 3286, 697, 17)

[Search iteration 220]
(Current best weights) [0.73423065 0.92394533 0.15792314 0.02067502 0.88564791 0.92402408
 0.50881937 0.45187109 0.24599646 0.2917805 ]
(Current best threshold) 0.09797662859488582
Score: 0.9104028108922073, Matrix [TP,TN,FP,FN](3969, 3286, 697, 17)

[Search iteration 221]
(Current best weights) [0.73423065 0.92394533 0.15792314 0.02067502 0.88564791 0.92402408
 0.50881937 0.45187109 0.24599646 0.2917805 ]
(Current best threshold) 0.09797662859488582
Score: 0.9104028108922073, Matrix [TP,TN,FP,FN](3969, 3286, 697, 17)

[Search iteration 222]
(Current best weights) [0.73423065 0.92394533 0.15792314 0.02067502 0.88564791 0.92402408
 0.50881937 0.45187109 0.24599646 0.2917805 ]
(Current best threshold) 0.09797662859488582
Score: 0.9104028108922073, Matrix [TP,TN,FP,FN](3969, 3286, 697, 17)

[Search iteration 223]
(Current best weights) [0.73423065 0.92394533 0.15792314 0.02067502 0.88564791 0.92402408
 0.50881937 0.45187109 0.24599646 0.2917805 ]
(Current best threshold) 0.09797662859488582
Score: 0.9104028108922073, Matrix [TP,TN,FP,FN](3969, 3286, 697, 17)

[Search iteration 224]
(Current best weights) [0.73423065 0.92394533 0.15792314 0.02067502 0.88564791 0.92402408
 0.50881937 0.45187109 0.24599646 0.2917805 ]
(Current best threshold) 0.09797662859488582
Score: 0.9104028108922073, Matrix [TP,TN,FP,FN](3969, 3286, 697, 17)

[Search iteration 225]
(Current best weights) [0.73423065 0.92394533 0.15792314 0.02067502 0.88564791 0.92402408
 0.50881937 0.45187109 0.24599646 0.2917805 ]
(Current best threshold) 0.09797662859488582
Score: 0.9104028108922073, Matrix [TP,TN,FP,FN](3969, 3286, 697, 17)

[Search iteration 226]
(Current best weights) [0.73423065 0.92394533 0.15792314 0.02067502 0.88564791 0.92402408
 0.50881937 0.45187109 0.24599646 0.2917805 ]
(Current best threshold) 0.09797662859488582
Score: 0.9104028108922073, Matrix [TP,TN,FP,FN](3969, 3286, 697, 17)

[Search iteration 227]
(Current best weights) [0.73423065 0.92394533 0.15792314 0.02067502 0.88564791 0.92402408
 0.50881937 0.45187109 0.24599646 0.2917805 ]
(Current best threshold) 0.09797662859488582
Score: 0.9104028108922073, Matrix [TP,TN,FP,FN](3969, 3286, 697, 17)

[Search iteration 228]
(Current best weights) [0.73423065 0.92394533 0.15792314 0.02067502 0.88564791 0.92402408
 0.50881937 0.45187109 0.24599646 0.2917805 ]
(Current best threshold) 0.09797662859488582
Score: 0.9104028108922073, Matrix [TP,TN,FP,FN](3969, 3286, 697, 17)

[Search iteration 229]
(Current best weights) [0.73423065 0.92394533 0.15792314 0.02067502 0.88564791 0.92402408
 0.50881937 0.45187109 0.24599646 0.2917805 ]
(Current best threshold) 0.09797662859488582
Score: 0.9104028108922073, Matrix [TP,TN,FP,FN](3969, 3286, 697, 17)

[Search iteration 230]
(Current best weights) [0.73423065 0.92394533 0.15792314 0.02067502 0.88564791 0.92402408
 0.50881937 0.45187109 0.24599646 0.2917805 ]
(Current best threshold) 0.09797662859488582
Score: 0.9104028108922073, Matrix [TP,TN,FP,FN](3969, 3286, 697, 17)

[Search iteration 231]
(Current best weights) [0.73423065 0.92394533 0.15792314 0.02067502 0.88564791 0.92402408
 0.50881937 0.45187109 0.24599646 0.2917805 ]
(Current best threshold) 0.09797662859488582
Score: 0.9104028108922073, Matrix [TP,TN,FP,FN](3969, 3286, 697, 17)

[Search iteration 232]
(Current best weights) [0.73423065 0.92394533 0.15792314 0.02067502 0.88564791 0.92402408
 0.50881937 0.45187109 0.24599646 0.2917805 ]
(Current best threshold) 0.09797662859488582
Score: 0.9104028108922073, Matrix [TP,TN,FP,FN](3969, 3286, 697, 17)

[Search iteration 233]
(Current best weights) [0.73423065 0.92394533 0.15792314 0.02067502 0.88564791 0.92402408
 0.50881937 0.45187109 0.24599646 0.2917805 ]
(Current best threshold) 0.09797662859488582
Score: 0.9104028108922073, Matrix [TP,TN,FP,FN](3969, 3286, 697, 17)

[Search iteration 234]
(Current best weights) [0.73423065 0.92394533 0.15792314 0.02067502 0.88564791 0.92402408
 0.50881937 0.45187109 0.24599646 0.2917805 ]
(Current best threshold) 0.09797662859488582
Score: 0.9104028108922073, Matrix [TP,TN,FP,FN](3969, 3286, 697, 17)

[Search iteration 235]
(Current best weights) [0.73423065 0.92394533 0.15792314 0.02067502 0.88564791 0.92402408
 0.50881937 0.45187109 0.24599646 0.2917805 ]
(Current best threshold) 0.09797662859488582
Score: 0.9104028108922073, Matrix [TP,TN,FP,FN](3969, 3286, 697, 17)

[Search iteration 236]
(Current best weights) [0.73423065 0.92394533 0.15792314 0.02067502 0.88564791 0.92402408
 0.50881937 0.45187109 0.24599646 0.2917805 ]
(Current best threshold) 0.09797662859488582
Score: 0.9104028108922073, Matrix [TP,TN,FP,FN](3969, 3286, 697, 17)

[Search iteration 237]
(Current best weights) [0.73423065 0.92394533 0.15792314 0.02067502 0.88564791 0.92402408
 0.50881937 0.45187109 0.24599646 0.2917805 ]
(Current best threshold) 0.09797662859488582
Score: 0.9104028108922073, Matrix [TP,TN,FP,FN](3969, 3286, 697, 17)

[Search iteration 238]
(Current best weights) [0.73423065 0.92394533 0.15792314 0.02067502 0.88564791 0.92402408
 0.50881937 0.45187109 0.24599646 0.2917805 ]
(Current best threshold) 0.09797662859488582
Score: 0.9104028108922073, Matrix [TP,TN,FP,FN](3969, 3286, 697, 17)

[Search iteration 239]
(Current best weights) [0.73423065 0.92394533 0.15792314 0.02067502 0.88564791 0.92402408
 0.50881937 0.45187109 0.24599646 0.2917805 ]
(Current best threshold) 0.09797662859488582
Score: 0.9104028108922073, Matrix [TP,TN,FP,FN](3969, 3286, 697, 17)

[Search iteration 240]
(Current best weights) [0.73423065 0.92394533 0.15792314 0.02067502 0.88564791 0.92402408
 0.50881937 0.45187109 0.24599646 0.2917805 ]
(Current best threshold) 0.09797662859488582
Score: 0.9104028108922073, Matrix [TP,TN,FP,FN](3969, 3286, 697, 17)

[Search iteration 241]
(Current best weights) [0.73423065 0.92394533 0.15792314 0.02067502 0.88564791 0.92402408
 0.50881937 0.45187109 0.24599646 0.2917805 ]
(Current best threshold) 0.09797662859488582
Score: 0.9104028108922073, Matrix [TP,TN,FP,FN](3969, 3286, 697, 17)

[Search iteration 242]
(Current best weights) [0.73423065 0.92394533 0.15792314 0.02067502 0.88564791 0.92402408
 0.50881937 0.45187109 0.24599646 0.2917805 ]
(Current best threshold) 0.09797662859488582
Score: 0.9104028108922073, Matrix [TP,TN,FP,FN](3969, 3286, 697, 17)

[Search iteration 243]
(Current best weights) [0.73423065 0.92394533 0.15792314 0.02067502 0.88564791 0.92402408
 0.50881937 0.45187109 0.24599646 0.2917805 ]
(Current best threshold) 0.09797662859488582
Score: 0.9104028108922073, Matrix [TP,TN,FP,FN](3969, 3286, 697, 17)

[Search iteration 244]
(Current best weights) [0.73423065 0.92394533 0.15792314 0.02067502 0.88564791 0.92402408
 0.50881937 0.45187109 0.24599646 0.2917805 ]
(Current best threshold) 0.09797662859488582
Score: 0.9104028108922073, Matrix [TP,TN,FP,FN](3969, 3286, 697, 17)

[Search iteration 245]
(Current best weights) [0.73423065 0.92394533 0.15792314 0.02067502 0.88564791 0.92402408
 0.50881937 0.45187109 0.24599646 0.2917805 ]
(Current best threshold) 0.09797662859488582
Score: 0.9104028108922073, Matrix [TP,TN,FP,FN](3969, 3286, 697, 17)

[Search iteration 246]
(Current best weights) [0.73423065 0.92394533 0.15792314 0.02067502 0.88564791 0.92402408
 0.50881937 0.45187109 0.24599646 0.2917805 ]
(Current best threshold) 0.09797662859488582
Score: 0.9104028108922073, Matrix [TP,TN,FP,FN](3969, 3286, 697, 17)

[Search iteration 247]
(Current best weights) [0.73423065 0.92394533 0.15792314 0.02067502 0.88564791 0.92402408
 0.50881937 0.45187109 0.24599646 0.2917805 ]
(Current best threshold) 0.09797662859488582
Score: 0.9104028108922073, Matrix [TP,TN,FP,FN](3969, 3286, 697, 17)

[Search iteration 248]
(Current best weights) [0.73423065 0.92394533 0.15792314 0.02067502 0.88564791 0.92402408
 0.50881937 0.45187109 0.24599646 0.2917805 ]
(Current best threshold) 0.09797662859488582
Score: 0.9104028108922073, Matrix [TP,TN,FP,FN](3969, 3286, 697, 17)

[Search iteration 249]
(Current best weights) [0.73423065 0.92394533 0.15792314 0.02067502 0.88564791 0.92402408
 0.50881937 0.45187109 0.24599646 0.2917805 ]
(Current best threshold) 0.09797662859488582
Score: 0.9104028108922073, Matrix [TP,TN,FP,FN](3969, 3286, 697, 17)

[Search iteration 250]
(Current best weights) [0.73423065 0.92394533 0.15792314 0.02067502 0.88564791 0.92402408
 0.50881937 0.45187109 0.24599646 0.2917805 ]
(Current best threshold) 0.09797662859488582
Score: 0.9104028108922073, Matrix [TP,TN,FP,FN](3969, 3286, 697, 17)

[Search iteration 251]
(Current best weights) [0.73423065 0.92394533 0.15792314 0.02067502 0.88564791 0.92402408
 0.50881937 0.45187109 0.24599646 0.2917805 ]
(Current best threshold) 0.09797662859488582
Score: 0.9104028108922073, Matrix [TP,TN,FP,FN](3969, 3286, 697, 17)

[Search iteration 252]
(Current best weights) [0.73423065 0.92394533 0.15792314 0.02067502 0.88564791 0.92402408
 0.50881937 0.45187109 0.24599646 0.2917805 ]
(Current best threshold) 0.09797662859488582
Score: 0.9104028108922073, Matrix [TP,TN,FP,FN](3969, 3286, 697, 17)

[Search iteration 253]
(Current best weights) [0.73423065 0.92394533 0.15792314 0.02067502 0.88564791 0.92402408
 0.50881937 0.45187109 0.24599646 0.2917805 ]
(Current best threshold) 0.09797662859488582
Score: 0.9104028108922073, Matrix [TP,TN,FP,FN](3969, 3286, 697, 17)

[Search iteration 254]
(Current best weights) [0.73423065 0.92394533 0.15792314 0.02067502 0.88564791 0.92402408
 0.50881937 0.45187109 0.24599646 0.2917805 ]
(Current best threshold) 0.09797662859488582
Score: 0.9104028108922073, Matrix [TP,TN,FP,FN](3969, 3286, 697, 17)

[Search iteration 255]
(Current best weights) [0.73423065 0.92394533 0.15792314 0.02067502 0.88564791 0.92402408
 0.50881937 0.45187109 0.24599646 0.2917805 ]
(Current best threshold) 0.09797662859488582
Score: 0.9104028108922073, Matrix [TP,TN,FP,FN](3969, 3286, 697, 17)

[Search iteration 256]
(Current best weights) [0.73423065 0.92394533 0.15792314 0.02067502 0.88564791 0.92402408
 0.50881937 0.45187109 0.24599646 0.2917805 ]
(Current best threshold) 0.09797662859488582
Score: 0.9104028108922073, Matrix [TP,TN,FP,FN](3969, 3286, 697, 17)

[Search iteration 257]
(Current best weights) [0.73423065 0.92394533 0.15792314 0.02067502 0.88564791 0.92402408
 0.50881937 0.45187109 0.24599646 0.2917805 ]
(Current best threshold) 0.09797662859488582
Score: 0.9104028108922073, Matrix [TP,TN,FP,FN](3969, 3286, 697, 17)

[Search iteration 258]
(Current best weights) [0.73423065 0.92394533 0.15792314 0.02067502 0.88564791 0.92402408
 0.50881937 0.45187109 0.24599646 0.2917805 ]
(Current best threshold) 0.09797662859488582
Score: 0.9104028108922073, Matrix [TP,TN,FP,FN](3969, 3286, 697, 17)

[Search iteration 259]
(Current best weights) [0.73423065 0.92394533 0.15792314 0.02067502 0.88564791 0.92402408
 0.50881937 0.45187109 0.24599646 0.2917805 ]
(Current best threshold) 0.09797662859488582
Score: 0.9104028108922073, Matrix [TP,TN,FP,FN](3969, 3286, 697, 17)

[Search iteration 260]
(Current best weights) [0.73423065 0.92394533 0.15792314 0.02067502 0.88564791 0.92402408
 0.50881937 0.45187109 0.24599646 0.2917805 ]
(Current best threshold) 0.09797662859488582
Score: 0.9104028108922073, Matrix [TP,TN,FP,FN](3969, 3286, 697, 17)

[Search iteration 261]
(Current best weights) [0.73423065 0.92394533 0.15792314 0.02067502 0.88564791 0.92402408
 0.50881937 0.45187109 0.24599646 0.2917805 ]
(Current best threshold) 0.09797662859488582
Score: 0.9104028108922073, Matrix [TP,TN,FP,FN](3969, 3286, 697, 17)

[Search iteration 262]
(Current best weights) [0.73423065 0.92394533 0.15792314 0.02067502 0.88564791 0.92402408
 0.50881937 0.45187109 0.24599646 0.2917805 ]
(Current best threshold) 0.09797662859488582
Score: 0.9104028108922073, Matrix [TP,TN,FP,FN](3969, 3286, 697, 17)

[Search iteration 263]
(Current best weights) [0.73423065 0.92394533 0.15792314 0.02067502 0.88564791 0.92402408
 0.50881937 0.45187109 0.24599646 0.2917805 ]
(Current best threshold) 0.09797662859488582
Score: 0.9104028108922073, Matrix [TP,TN,FP,FN](3969, 3286, 697, 17)

[Search iteration 264]
(Current best weights) [0.73423065 0.92394533 0.15792314 0.02067502 0.88564791 0.92402408
 0.50881937 0.45187109 0.24599646 0.2917805 ]
(Current best threshold) 0.09797662859488582
Score: 0.9104028108922073, Matrix [TP,TN,FP,FN](3969, 3286, 697, 17)

[Search iteration 265]
(Current best weights) [0.73423065 0.92394533 0.15792314 0.02067502 0.88564791 0.92402408
 0.50881937 0.45187109 0.24599646 0.2917805 ]
(Current best threshold) 0.09797662859488582
Score: 0.9104028108922073, Matrix [TP,TN,FP,FN](3969, 3286, 697, 17)

[Search iteration 266]
(Current best weights) [0.73423065 0.92394533 0.15792314 0.02067502 0.88564791 0.92402408
 0.50881937 0.45187109 0.24599646 0.2917805 ]
(Current best threshold) 0.09797662859488582
Score: 0.9104028108922073, Matrix [TP,TN,FP,FN](3969, 3286, 697, 17)

[Search iteration 267]
(Current best weights) [0.73423065 0.92394533 0.15792314 0.02067502 0.88564791 0.92402408
 0.50881937 0.45187109 0.24599646 0.2917805 ]
(Current best threshold) 0.09797662859488582
Score: 0.9104028108922073, Matrix [TP,TN,FP,FN](3969, 3286, 697, 17)

[Search iteration 268]
(Current best weights) [0.73423065 0.92394533 0.15792314 0.02067502 0.88564791 0.92402408
 0.50881937 0.45187109 0.24599646 0.2917805 ]
(Current best threshold) 0.09797662859488582
Score: 0.9104028108922073, Matrix [TP,TN,FP,FN](3969, 3286, 697, 17)

[Search iteration 269]
(Current best weights) [0.73423065 0.92394533 0.15792314 0.02067502 0.88564791 0.92402408
 0.50881937 0.45187109 0.24599646 0.2917805 ]
(Current best threshold) 0.09797662859488582
Score: 0.9104028108922073, Matrix [TP,TN,FP,FN](3969, 3286, 697, 17)

[Search iteration 270]
(Current best weights) [0.73423065 0.92394533 0.15792314 0.02067502 0.88564791 0.92402408
 0.50881937 0.45187109 0.24599646 0.2917805 ]
(Current best threshold) 0.09797662859488582
Score: 0.9104028108922073, Matrix [TP,TN,FP,FN](3969, 3286, 697, 17)

[Search iteration 271]
(Current best weights) [0.73423065 0.92394533 0.15792314 0.02067502 0.88564791 0.92402408
 0.50881937 0.45187109 0.24599646 0.2917805 ]
(Current best threshold) 0.09797662859488582
Score: 0.9104028108922073, Matrix [TP,TN,FP,FN](3969, 3286, 697, 17)

[Search iteration 272]
(Current best weights) [0.73423065 0.92394533 0.15792314 0.02067502 0.88564791 0.92402408
 0.50881937 0.45187109 0.24599646 0.2917805 ]
(Current best threshold) 0.09797662859488582
Score: 0.9104028108922073, Matrix [TP,TN,FP,FN](3969, 3286, 697, 17)

[Search iteration 273]
(Current best weights) [0.73423065 0.92394533 0.15792314 0.02067502 0.88564791 0.92402408
 0.50881937 0.45187109 0.24599646 0.2917805 ]
(Current best threshold) 0.09797662859488582
Score: 0.9104028108922073, Matrix [TP,TN,FP,FN](3969, 3286, 697, 17)

[Search iteration 274]
(Current best weights) [0.73423065 0.92394533 0.15792314 0.02067502 0.88564791 0.92402408
 0.50881937 0.45187109 0.24599646 0.2917805 ]
(Current best threshold) 0.09797662859488582
Score: 0.9104028108922073, Matrix [TP,TN,FP,FN](3969, 3286, 697, 17)

[Search iteration 275]
(Current best weights) [0.73423065 0.92394533 0.15792314 0.02067502 0.88564791 0.92402408
 0.50881937 0.45187109 0.24599646 0.2917805 ]
(Current best threshold) 0.09797662859488582
Score: 0.9104028108922073, Matrix [TP,TN,FP,FN](3969, 3286, 697, 17)

[Search iteration 276]
(Current best weights) [0.73423065 0.92394533 0.15792314 0.02067502 0.88564791 0.92402408
 0.50881937 0.45187109 0.24599646 0.2917805 ]
(Current best threshold) 0.09797662859488582
Score: 0.9104028108922073, Matrix [TP,TN,FP,FN](3969, 3286, 697, 17)

[Search iteration 277]
(Current best weights) [0.73423065 0.92394533 0.15792314 0.02067502 0.88564791 0.92402408
 0.50881937 0.45187109 0.24599646 0.2917805 ]
(Current best threshold) 0.09797662859488582
Score: 0.9104028108922073, Matrix [TP,TN,FP,FN](3969, 3286, 697, 17)

[Search iteration 278]
(Current best weights) [0.73423065 0.92394533 0.15792314 0.02067502 0.88564791 0.92402408
 0.50881937 0.45187109 0.24599646 0.2917805 ]
(Current best threshold) 0.09797662859488582
Score: 0.9104028108922073, Matrix [TP,TN,FP,FN](3969, 3286, 697, 17)

[Search iteration 279]
(Current best weights) [0.73423065 0.92394533 0.15792314 0.02067502 0.88564791 0.92402408
 0.50881937 0.45187109 0.24599646 0.2917805 ]
(Current best threshold) 0.09797662859488582
Score: 0.9104028108922073, Matrix [TP,TN,FP,FN](3969, 3286, 697, 17)

[Search iteration 280]
(Current best weights) [0.73423065 0.92394533 0.15792314 0.02067502 0.88564791 0.92402408
 0.50881937 0.45187109 0.24599646 0.2917805 ]
(Current best threshold) 0.09797662859488582
Score: 0.9104028108922073, Matrix [TP,TN,FP,FN](3969, 3286, 697, 17)

[Search iteration 281]
(Current best weights) [0.73423065 0.92394533 0.15792314 0.02067502 0.88564791 0.92402408
 0.50881937 0.45187109 0.24599646 0.2917805 ]
(Current best threshold) 0.09797662859488582
Score: 0.9104028108922073, Matrix [TP,TN,FP,FN](3969, 3286, 697, 17)

[Search iteration 282]
(Current best weights) [0.73423065 0.92394533 0.15792314 0.02067502 0.88564791 0.92402408
 0.50881937 0.45187109 0.24599646 0.2917805 ]
(Current best threshold) 0.09797662859488582
Score: 0.9104028108922073, Matrix [TP,TN,FP,FN](3969, 3286, 697, 17)

[Search iteration 283]
(Current best weights) [0.73423065 0.92394533 0.15792314 0.02067502 0.88564791 0.92402408
 0.50881937 0.45187109 0.24599646 0.2917805 ]
(Current best threshold) 0.09797662859488582
Score: 0.9104028108922073, Matrix [TP,TN,FP,FN](3969, 3286, 697, 17)

[Search iteration 284]
(Current best weights) [0.73423065 0.92394533 0.15792314 0.02067502 0.88564791 0.92402408
 0.50881937 0.45187109 0.24599646 0.2917805 ]
(Current best threshold) 0.09797662859488582
Score: 0.9104028108922073, Matrix [TP,TN,FP,FN](3969, 3286, 697, 17)

[Search iteration 285]
(Current best weights) [0.73423065 0.92394533 0.15792314 0.02067502 0.88564791 0.92402408
 0.50881937 0.45187109 0.24599646 0.2917805 ]
(Current best threshold) 0.09797662859488582
Score: 0.9104028108922073, Matrix [TP,TN,FP,FN](3969, 3286, 697, 17)

[Search iteration 286]
(Current best weights) [0.73423065 0.92394533 0.15792314 0.02067502 0.88564791 0.92402408
 0.50881937 0.45187109 0.24599646 0.2917805 ]
(Current best threshold) 0.09797662859488582
Score: 0.9104028108922073, Matrix [TP,TN,FP,FN](3969, 3286, 697, 17)

[Search iteration 287]
(Current best weights) [0.73423065 0.92394533 0.15792314 0.02067502 0.88564791 0.92402408
 0.50881937 0.45187109 0.24599646 0.2917805 ]
(Current best threshold) 0.09797662859488582
Score: 0.9104028108922073, Matrix [TP,TN,FP,FN](3969, 3286, 697, 17)

[Search iteration 288]
(Current best weights) [0.73423065 0.92394533 0.15792314 0.02067502 0.88564791 0.92402408
 0.50881937 0.45187109 0.24599646 0.2917805 ]
(Current best threshold) 0.09797662859488582
Score: 0.9104028108922073, Matrix [TP,TN,FP,FN](3969, 3286, 697, 17)

[Search iteration 289]
(Current best weights) [0.73423065 0.92394533 0.15792314 0.02067502 0.88564791 0.92402408
 0.50881937 0.45187109 0.24599646 0.2917805 ]
(Current best threshold) 0.09797662859488582
Score: 0.9104028108922073, Matrix [TP,TN,FP,FN](3969, 3286, 697, 17)

[Search iteration 290]
(Current best weights) [0.73423065 0.92394533 0.15792314 0.02067502 0.88564791 0.92402408
 0.50881937 0.45187109 0.24599646 0.2917805 ]
(Current best threshold) 0.09797662859488582
Score: 0.9104028108922073, Matrix [TP,TN,FP,FN](3969, 3286, 697, 17)

[Search iteration 291]
(Current best weights) [0.73423065 0.92394533 0.15792314 0.02067502 0.88564791 0.92402408
 0.50881937 0.45187109 0.24599646 0.2917805 ]
(Current best threshold) 0.09797662859488582
Score: 0.9104028108922073, Matrix [TP,TN,FP,FN](3969, 3286, 697, 17)

[Search iteration 292]
(Current best weights) [0.73423065 0.92394533 0.15792314 0.02067502 0.88564791 0.92402408
 0.50881937 0.45187109 0.24599646 0.2917805 ]
(Current best threshold) 0.09797662859488582
Score: 0.9104028108922073, Matrix [TP,TN,FP,FN](3969, 3286, 697, 17)

[Search iteration 293]
(Current best weights) [0.73423065 0.92394533 0.15792314 0.02067502 0.88564791 0.92402408
 0.50881937 0.45187109 0.24599646 0.2917805 ]
(Current best threshold) 0.09797662859488582
Score: 0.9104028108922073, Matrix [TP,TN,FP,FN](3969, 3286, 697, 17)

[Search iteration 294]
(Current best weights) [0.73423065 0.92394533 0.15792314 0.02067502 0.88564791 0.92402408
 0.50881937 0.45187109 0.24599646 0.2917805 ]
(Current best threshold) 0.09797662859488582
Score: 0.9104028108922073, Matrix [TP,TN,FP,FN](3969, 3286, 697, 17)

[Search iteration 295]
(Current best weights) [0.73423065 0.92394533 0.15792314 0.02067502 0.88564791 0.92402408
 0.50881937 0.45187109 0.24599646 0.2917805 ]
(Current best threshold) 0.09797662859488582
Score: 0.9104028108922073, Matrix [TP,TN,FP,FN](3969, 3286, 697, 17)

[Search iteration 296]
(Current best weights) [0.73423065 0.92394533 0.15792314 0.02067502 0.88564791 0.92402408
 0.50881937 0.45187109 0.24599646 0.2917805 ]
(Current best threshold) 0.09797662859488582
Score: 0.9104028108922073, Matrix [TP,TN,FP,FN](3969, 3286, 697, 17)

[Search iteration 297]
(Current best weights) [0.73423065 0.92394533 0.15792314 0.02067502 0.88564791 0.92402408
 0.50881937 0.45187109 0.24599646 0.2917805 ]
(Current best threshold) 0.09797662859488582
Score: 0.9104028108922073, Matrix [TP,TN,FP,FN](3969, 3286, 697, 17)

[Search iteration 298]
(Current best weights) [0.73423065 0.92394533 0.15792314 0.02067502 0.88564791 0.92402408
 0.50881937 0.45187109 0.24599646 0.2917805 ]
(Current best threshold) 0.09797662859488582
Score: 0.9104028108922073, Matrix [TP,TN,FP,FN](3969, 3286, 697, 17)

[Search iteration 299]
(Current best weights) [0.73423065 0.92394533 0.15792314 0.02067502 0.88564791 0.92402408
 0.50881937 0.45187109 0.24599646 0.2917805 ]
(Current best threshold) 0.09797662859488582
Score: 0.9104028108922073, Matrix [TP,TN,FP,FN](3969, 3286, 697, 17)
Train set ensemble confusion matrix: [TP,TN,FP,FN](3969, 3286, 697, 17)
Test set ensemble confusion matrix: [TP,TN,FP,FN](1977, 1792, 205, 22)

Last timestamp: 1576133050.751475
Last time: 2019-12-12 03:44:10.751475
