
First timestamp: 1576546136.6015
First time: 2019-12-16 22:28:56.601534

Loading ppg-dataset_husm/dataset

records[0:40]

Iterations per model = 1000

Ensemble size = 10

Search for model 0
[0.9585248663273357, 0.9656771477722041, 0.0025673940949936247]

Search for model 1
[0.9568175976364128, 0.9733185570281576, 0.1601466992665037]

Search for model 2
[0.9671266022279605, 0.9691330503577756, 0.048101265822784844]

Search for model 3
[0.9414467490005866, 0.9520609566932936, 0.101813110181311]

Search for model 4
[0.9584534190400269, 0.9608045842934069, 0.1259946949602122]

Search for model 5
[0.9574963126444561, 0.9584993695969036, 0.124]

Search for model 6
[0.932303451475484, 0.9495899695838027, 0.012752391073326264]

Search for model 7
[0.963977606009967, 0.9788956783323765, 0.08366533864541836]

Search for model 8
[0.9617441866765688, 0.9662208360793286, 0.058510638297872286]

Search for model 9
[0.9674298145286545, 0.975377708131446, 0.20293398533007334]

Train set ensemble confusion matrix: [TP,TN,FP,FN](3925, 3277, 687, 42)
Test set ensemble confusion matrix: [TP,TN,FP,FN](1949, 1645, 331, 28)

Last timestamp: 1576547758.602468
Last time: 2019-12-16 22:55:58.602496
