
First timestamp: 1576610516.188102
First time: 2019-12-17 16:21:56.188136

Loading ppg-dataset_husm/dataset

Getting record balke from dpoc volunteer number 0680298
Getting record recovery from dpoc volunteer number 0680298
Getting record rest from dpoc volunteer number 0680298
Getting record balke from dpoc volunteer number 0840595
Getting record recovery from dpoc volunteer number 0840595
Getting record rest from dpoc volunteer number 0840595
Getting record balke from dpoc volunteer number 1806256
Getting record recovery from dpoc volunteer number 1806256
Getting record rest from dpoc volunteer number 1806256
Getting record balke from dpoc volunteer number 2627180
Getting record recovery from dpoc volunteer number 2627180
Getting record rest from dpoc volunteer number 2627180
Getting record balke from dpoc volunteer number 2703908
Getting record recovery from dpoc volunteer number 2703908
Getting record rest from dpoc volunteer number 2703908
Getting record balke from dpoc volunteer number 2841328
Getting record recovery from dpoc volunteer number 2841328
Getting record rest from dpoc volunteer number 2841328
Getting record balke from dpoc volunteer number 2888246
Getting record recovery from dpoc volunteer number 2888246
Getting record rest from dpoc volunteer number 2888246
Getting record balke from dpoc volunteer number 3450871
Getting record recovery from dpoc volunteer number 3450871
Getting record rest from dpoc volunteer number 3450871
Getting record balke from dpoc volunteer number 3715687
Getting record recovery from dpoc volunteer number 3715687
Getting record rest from dpoc volunteer number 3715687
Getting record balke from dpoc volunteer number 3740537
Getting record recovery from dpoc volunteer number 3740537
Getting record rest from dpoc volunteer number 3740537
Getting record balke from dpoc volunteer number 3809662
Getting record recovery from dpoc volunteer number 3809662
Getting record rest from dpoc volunteer number 3809662
Getting record balke from health volunteer number 0000001
Getting record recovery from health volunteer number 0000001
Getting record rest from health volunteer number 0000001
Getting record balke from health volunteer number 0000002
Getting record recovery from health volunteer number 0000002
Getting record rest from health volunteer number 0000002
Getting record balke from health volunteer number 0000003
Getting record recovery from health volunteer number 0000003
Getting record rest from health volunteer number 0000003
Getting record balke from health volunteer number 0000004
Getting record recovery from health volunteer number 0000004
Getting record rest from health volunteer number 0000004
Getting record balke from health volunteer number 0000005
Getting record recovery from health volunteer number 0000005
Getting record rest from health volunteer number 0000005
Getting record balke from health volunteer number 0000006
Getting record recovery from health volunteer number 0000006
Getting record rest from health volunteer number 0000006
Getting record balke from health volunteer number 0000007
Getting record recovery from health volunteer number 0000007
Getting record rest from health volunteer number 0000007
Getting record balke from health volunteer number 0000008
Getting record recovery from health volunteer number 0000008
Getting record rest from health volunteer number 0000008
Getting record balke from health volunteer number 0000009
Getting record recovery from health volunteer number 0000009
Getting record rest from health volunteer number 0000009
Getting record balke from health volunteer number 0000010
Getting record recovery from health volunteer number 0000010
Getting record rest from health volunteer number 0000010
Getting record balke from health volunteer number 0000011
Getting record recovery from health volunteer number 0000011
Getting record rest from health volunteer number 0000011
records[0:40]

Iterations per model = 1000

Ensemble size = 10

Search for model 0
Model parameters: [0.9399620590072687, 0.9575890251434955]
Cost on partition: 0.004739336492891044 / Cost on train set: 0.12752351097178682

Search for model 1
Model parameters: [0.9517530032193413, 0.9537280024020265]
Cost on partition: 0.017204301075268824 / Cost on train set: 0.11785356068204611

Search for model 2
Model parameters: [0.9631368635741284, 0.9694213657593447]
Cost on partition: 0.04372842347525896 / Cost on train set: 0.10238393977415305

Search for model 3
Model parameters: [0.9565646932481808, 0.9631070723820236]
Cost on partition: 0.004700352526439522 / Cost on train set: 0.11366202484004517

Search for model 4
Model parameters: [0.9675836104088938, 0.9700969851184027]
Cost on partition: 0.12536443148688048 / Cost on train set: 0.10367767039036024

Search for model 5
Model parameters: [0.9472052414020089, 0.9629773909486857]
Cost on partition: 0.004801920768307322 / Cost on train set: 0.12075235109717863

Search for model 6
Model parameters: [0.9604458249329443, 0.9657375505519199]
Cost on partition: 0.010262257696693311 / Cost on train set: 0.10804366921822062

Search for model 7
Model parameters: [0.939328401161351, 0.9412528068856203]
Cost on partition: 0.06666666666666665 / Cost on train set: 0.14328657314629256

Search for model 8
Model parameters: [0.9592004274526952, 0.9617879362491144]
Cost on partition: 0.09518477043673013 / Cost on train set: 0.11214249874560966

Search for model 9
Model parameters: [0.9620812567806597, 0.9704668819695514]
Cost on partition: 0.13551401869158874 / Cost on train set: 0.10276035131744043

Train set ensemble confusion matrix: [TP,TN,FP,FN](3955, 3102, 883, 31)
Test set ensemble confusion matrix: [TP,TN,FP,FN](1965, 1785, 213, 34)

Last timestamp: 1576612168.651985
Last time: 2019-12-17 16:49:28.652016
