
Loading ppg-dataset_husm/dataset

Getting record balke from dpoc volunteer number 0680298
Getting record recovery from dpoc volunteer number 0680298
Getting record rest from dpoc volunteer number 0680298
Getting record balke from dpoc volunteer number 0840595
Getting record recovery from dpoc volunteer number 0840595
Getting record rest from dpoc volunteer number 0840595
Getting record balke from dpoc volunteer number 1806256
Getting record recovery from dpoc volunteer number 1806256
Getting record rest from dpoc volunteer number 1806256
Getting record balke from dpoc volunteer number 2627180
Getting record recovery from dpoc volunteer number 2627180
Getting record rest from dpoc volunteer number 2627180
Getting record balke from dpoc volunteer number 2703908
Getting record recovery from dpoc volunteer number 2703908
Getting record rest from dpoc volunteer number 2703908
Getting record balke from dpoc volunteer number 2841328
Getting record recovery from dpoc volunteer number 2841328
Getting record rest from dpoc volunteer number 2841328
Getting record balke from dpoc volunteer number 2888246
Getting record recovery from dpoc volunteer number 2888246
Getting record rest from dpoc volunteer number 2888246
Getting record balke from dpoc volunteer number 3450871
Getting record recovery from dpoc volunteer number 3450871
Getting record rest from dpoc volunteer number 3450871
Getting record balke from dpoc volunteer number 3715687
Getting record recovery from dpoc volunteer number 3715687
Getting record rest from dpoc volunteer number 3715687
Getting record balke from dpoc volunteer number 3740537
Getting record recovery from dpoc volunteer number 3740537
Getting record rest from dpoc volunteer number 3740537
Getting record balke from dpoc volunteer number 3809662
Getting record recovery from dpoc volunteer number 3809662
Getting record rest from dpoc volunteer number 3809662
Getting record balke from health volunteer number 0000001
Getting record recovery from health volunteer number 0000001
Getting record rest from health volunteer number 0000001
Getting record balke from health volunteer number 0000002
Getting record recovery from health volunteer number 0000002
Getting record rest from health volunteer number 0000002
Getting record balke from health volunteer number 0000003
Getting record recovery from health volunteer number 0000003
Getting record rest from health volunteer number 0000003
Getting record balke from health volunteer number 0000004
Getting record recovery from health volunteer number 0000004
Getting record rest from health volunteer number 0000004
Getting record balke from health volunteer number 0000005
Getting record recovery from health volunteer number 0000005
Getting record rest from health volunteer number 0000005
Getting record balke from health volunteer number 0000006
Getting record recovery from health volunteer number 0000006
Getting record rest from health volunteer number 0000006
Getting record balke from health volunteer number 0000007
Getting record recovery from health volunteer number 0000007
Getting record rest from health volunteer number 0000007
Getting record balke from health volunteer number 0000008
Getting record recovery from health volunteer number 0000008
Getting record rest from health volunteer number 0000008
Getting record balke from health volunteer number 0000009
Getting record recovery from health volunteer number 0000009
Getting record rest from health volunteer number 0000009
Getting record balke from health volunteer number 0000010
Getting record recovery from health volunteer number 0000010
Getting record rest from health volunteer number 0000010
Getting record balke from health volunteer number 0000011
Getting record recovery from health volunteer number 0000011
Getting record rest from health volunteer number 0000011
Train records: [11:-11]
Test records: [0:11] u [-11:])

Iterations per model = 1000

Ensemble size = 10

Search for model 0
Model parameters: [0.9395581911074581, 0.939766358115013, 0.9027973224601122]
Cost on partition: 0.18646232439335886 / Cost on train set: 0.1219849971148298

Search for model 1
Model parameters: [0.9716192103821426, 0.9757796689383565, 0.2674236622808184]
Cost on partition: 0.07284768211920534 / Cost on train set: 0.09513351057681196

Search for model 2
Model parameters: [0.9682905129655774, 0.9729697204647539, 0.6640561415431339]
Cost on partition: 0.1357664233576642 / Cost on train set: 0.08368007397133614

Search for model 3
Model parameters: [0.9572770777283676, 0.9624162406404688, 0.6016972524389732]
Cost on partition: 0.012485811577752526 / Cost on train set: 0.09302056852322627

Search for model 4
Model parameters: [0.9645454987578659, 0.9717007550912959, 0.5667441267249849]
Cost on partition: 0.047970479704797064 / Cost on train set: 0.0854236504450353

Search for model 5
Model parameters: [0.9572440156030658, 0.9631009693121624, 0.5669939934147235]
Cost on partition: 0.12468193384223913 / Cost on train set: 0.09372471975037555

Search for model 6
Model parameters: [0.9336573289810636, 0.9478186608011093, 0.1693860503246063]
Cost on partition: 0.0938967136150235 / Cost on train set: 0.12282119358190002

Search for model 7
Model parameters: [0.9663953993186062, 0.9742170235757946, 0.6687734344020911]
Cost on partition: 0.035567715458276306 / Cost on train set: 0.08426771471506189

Search for model 8
Model parameters: [0.9683562011566815, 0.9694937248263665, 0.8671494665056763]
Cost on partition: 0.013563501849568449 / Cost on train set: 0.08289017341040461

Search for model 9
Model parameters: [0.9638468028201804, 0.9705539587727514, 0.5197989132245072]
Cost on partition: 0.06008583690987124 / Cost on train set: 0.0851826167360148

Train set ensemble confusion matrix: [TP,TN,FP,FN](4252, 3648, 675, 76)
Test set ensemble confusion matrix: [TP,TN,FP,FN](2131, 1886, 329, 85)

Last timestamp: 1579499978.796254
Last time: 2020-01-20 02:59:38.796254
