
Loading ppg-dataset_husm/dataset

Getting record balke from dpoc volunteer number 0680298
Getting record recovery from dpoc volunteer number 0680298
Getting record rest from dpoc volunteer number 0680298
Getting record balke from dpoc volunteer number 0840595
Getting record recovery from dpoc volunteer number 0840595
Getting record rest from dpoc volunteer number 0840595
Getting record balke from dpoc volunteer number 1806256
Getting record recovery from dpoc volunteer number 1806256
Getting record rest from dpoc volunteer number 1806256
Getting record balke from dpoc volunteer number 2627180
Getting record recovery from dpoc volunteer number 2627180
Getting record rest from dpoc volunteer number 2627180
Getting record balke from dpoc volunteer number 2703908
Getting record recovery from dpoc volunteer number 2703908
Getting record rest from dpoc volunteer number 2703908
Getting record balke from dpoc volunteer number 2841328
Getting record recovery from dpoc volunteer number 2841328
Getting record rest from dpoc volunteer number 2841328
Getting record balke from dpoc volunteer number 2888246
Getting record recovery from dpoc volunteer number 2888246
Getting record rest from dpoc volunteer number 2888246
Getting record balke from dpoc volunteer number 3450871
Getting record recovery from dpoc volunteer number 3450871
Getting record rest from dpoc volunteer number 3450871
Getting record balke from dpoc volunteer number 3715687
Getting record recovery from dpoc volunteer number 3715687
Getting record rest from dpoc volunteer number 3715687
Getting record balke from dpoc volunteer number 3740537
Getting record recovery from dpoc volunteer number 3740537
Getting record rest from dpoc volunteer number 3740537
Getting record balke from dpoc volunteer number 3809662
Getting record recovery from dpoc volunteer number 3809662
Getting record rest from dpoc volunteer number 3809662
Getting record balke from health volunteer number 0000001
Getting record recovery from health volunteer number 0000001
Getting record rest from health volunteer number 0000001
Getting record balke from health volunteer number 0000002
Getting record recovery from health volunteer number 0000002
Getting record rest from health volunteer number 0000002
Getting record balke from health volunteer number 0000003
Getting record recovery from health volunteer number 0000003
Getting record rest from health volunteer number 0000003
Getting record balke from health volunteer number 0000004
Getting record recovery from health volunteer number 0000004
Getting record rest from health volunteer number 0000004
Getting record balke from health volunteer number 0000005
Getting record recovery from health volunteer number 0000005
Getting record rest from health volunteer number 0000005
Getting record balke from health volunteer number 0000006
Getting record recovery from health volunteer number 0000006
Getting record rest from health volunteer number 0000006
Getting record balke from health volunteer number 0000007
Getting record recovery from health volunteer number 0000007
Getting record rest from health volunteer number 0000007
Getting record balke from health volunteer number 0000008
Getting record recovery from health volunteer number 0000008
Getting record rest from health volunteer number 0000008
Getting record balke from health volunteer number 0000009
Getting record recovery from health volunteer number 0000009
Getting record rest from health volunteer number 0000009
Getting record balke from health volunteer number 0000010
Getting record recovery from health volunteer number 0000010
Getting record rest from health volunteer number 0000010
Getting record balke from health volunteer number 0000011
Getting record recovery from health volunteer number 0000011
Getting record rest from health volunteer number 0000011
Train records: [11:-11]
Test records: [0:11] u [-11:])

Iterations per model = 1000

Ensemble size = 10

Search for model 0
Model parameters: [0.9646353565486406, 0.9694292818939146, 0.11897858392355631, 3]
Cost on partition: 0.09417596034696407 / Cost on train set: 0.08495145631067957

Search for model 1
Model parameters: [0.9718770271367516, 0.9719593259376187, 0.9579547248090416, 13]
Cost on partition: 0.08575112830431975 / Cost on train set: 0.08635838150289021

Search for model 2
Model parameters: [0.9731621916549085, 0.9799013658463358, 0.6388890523624474, 5]
Cost on partition: 0.05473965287049398 / Cost on train set: 0.11130374479889038

Search for model 3
Model parameters: [0.9613581464323578, 0.9680465846647995, 0.30579353243870744, 26]
Cost on partition: 0.1058394160583942 / Cost on train set: 0.08668515950069344

Search for model 4
Model parameters: [0.9620028058252262, 0.9684096099239662, 0.09455426473736062, 11]
Cost on partition: 0.050475059382422804 / Cost on train set: 0.08574069794314765

Search for model 5
Model parameters: [0.9627092890108062, 0.9688166136120445, 0.4000534479945078, 4]
Cost on partition: 0.04445761707172491 / Cost on train set: 0.08726306056403144

Search for model 6
Model parameters: [0.9583231869182542, 0.9709308797630932, 0.5152450347948879, 13]
Cost on partition: 0.06094364351245085 / Cost on train set: 0.08678067945458745

Search for model 7
Model parameters: [0.9693501298708589, 0.9719926906612776, 0.09544020086718485, 14]
Cost on partition: 0.14084507042253525 / Cost on train set: 0.08402681460933892

Search for model 8
Model parameters: [0.9607293223199839, 0.9753719291052811, 0.4295282860095285, 27]
Cost on partition: 0.1499663752521856 / Cost on train set: 0.08588602473702467

Search for model 9
Model parameters: [0.9607887677700151, 0.9686760443392781, 0.4045690497449004, 16]
Cost on partition: 0.06488549618320616 / Cost on train set: 0.08680073971336111

Train set ensemble confusion matrix: [TP,TN,FP,FN](4260, 3621, 703, 68)
Test set ensemble confusion matrix: [TP,TN,FP,FN](2145, 1899, 317, 71)

Last timestamp: 1579656749.860236
Last time: 2020-01-21 22:32:29.860236
